[ 2017-02-24T10:44:36+08:00 ] 127.0.0.1 /project/tp_boot/
INFO: [ app_init ] --START--
INFO: Run Behavior\BuildLiteBehavior [ RunTime:0.000023s ]
INFO: [ app_init ] --END-- [ RunTime:0.025885s ]
INFO: [ app_begin ] --START--
INFO: Run Behavior\ReadHtmlCacheBehavior [ RunTime:0.001311s ]
INFO: [ app_begin ] --END-- [ RunTime:0.001430s ]
SQL: SHOW COLUMNS FROM `tp_article` [ RunTime:0.0846s ]
SQL: SELECT COUNT(*) AS tp_count FROM `tp_article` LIMIT 1   [ RunTime:0.0022s ]
SQL: SELECT * FROM `tp_article` ORDER BY time desc LIMIT 0,9   [ RunTime:0.0196s ]
SQL: SELECT `id`,`title`,`desc` FROM `tp_article` LIMIT 6   [ RunTime:0.0004s ]
SQL: SHOW COLUMNS FROM `tp_lunbo` [ RunTime:0.0170s ]
SQL: SELECT `id`,`picture`,`title` FROM `tp_lunbo` LIMIT 5   [ RunTime:0.0003s ]
SQL: SHOW COLUMNS FROM `tp_link` [ RunTime:0.0141s ]
SQL: SELECT * FROM `tp_link` WHERE ( sort=0 )  [ RunTime:0.0121s ]
SQL: SELECT * FROM `tp_link` WHERE ( sort=1 )  [ RunTime:0.0004s ]
SQL: SELECT * FROM `tp_link` WHERE ( sort=2 )  [ RunTime:0.0003s ]
SQL: SELECT COUNT(*) AS tp_count FROM `tp_article` LIMIT 1   [ RunTime:0.0002s ]
SQL: SELECT tp1.*,tp2.catename as catename FROM tp_article tp1 left join tp_cate as tp2 on tp1.cateid = tp2.id  WHERE `catename` = '人生哲理' LIMIT 0,9   [ RunTime:0.0332s ]
SQL: SELECT COUNT(*) AS tp_count FROM `tp_article` LIMIT 1   [ RunTime:0.0003s ]
SQL: SELECT tp1.*,tp2.catename as catename FROM tp_article tp1 left join tp_cate as tp2 on tp1.cateid = tp2.id  WHERE `catename` = '励志文章' LIMIT 0,9   [ RunTime:0.0008s ]
SQL: SELECT COUNT(*) AS tp_count FROM `tp_article` LIMIT 1   [ RunTime:0.0003s ]
SQL: SELECT tp1.*,tp2.catename as catename FROM tp_article tp1 left join tp_cate as tp2 on tp1.cateid = tp2.id  WHERE `catename` = '感情美文' LIMIT 0,9   [ RunTime:0.0007s ]
SQL: SELECT COUNT(*) AS tp_count FROM `tp_article` LIMIT 1   [ RunTime:0.0003s ]
SQL: SELECT tp1.*,tp2.catename as catename FROM tp_article tp1 left join tp_cate as tp2 on tp1.cateid = tp2.id  WHERE `catename` = '金典美文' LIMIT 0,9   [ RunTime:0.0007s ]
SQL: SELECT COUNT(*) AS tp_count FROM `tp_article` LIMIT 1   [ RunTime:0.0003s ]
SQL: SELECT tp1.*,tp2.catename as catename FROM tp_article tp1 left join tp_cate as tp2 on tp1.cateid = tp2.id  WHERE `catename` = '人生感情' LIMIT 0,9   [ RunTime:0.0006s ]
SQL: SELECT `id`,`picture`,`title` FROM `tp_lunbo` ORDER BY time desc LIMIT 1   [ RunTime:0.0003s ]
SQL: SELECT `id`,`title` FROM `tp_lunbo` ORDER BY time desc  [ RunTime:0.0003s ]
SQL: SELECT `id`,`title` FROM `tp_article` ORDER BY time desc LIMIT 1   [ RunTime:0.0003s ]
SQL: SELECT `id`,`title` FROM `tp_article` LIMIT 5   [ RunTime:0.0003s ]
INFO: [ view_parse ] --START--
INFO: [ template_filter ] --START--
INFO: Run Behavior\ContentReplaceBehavior [ RunTime:0.007580s ]
INFO: [ template_filter ] --END-- [ RunTime:0.007892s ]
INFO: Run Behavior\ParseTemplateBehavior [ RunTime:0.138448s ]
INFO: [ view_parse ] --END-- [ RunTime:0.138559s ]
INFO: [ view_filter ] --START--
INFO: Run Behavior\WriteHtmlCacheBehavior [ RunTime:0.011399s ]
INFO: [ view_filter ] --END-- [ RunTime:0.011501s ]
INFO: [ app_end ] --START--
INFO: Run Behavior\ShowPageTraceBehavior [ RunTime:0.001738s ]
INFO: [ app_end ] --END-- [ RunTime:0.001950s ]

[ 2017-02-24T10:44:46+08:00 ] 127.0.0.1 /project/tp_boot/index.php/Home/Index/index.html
INFO: [ app_init ] --START--
INFO: Run Behavior\BuildLiteBehavior [ RunTime:0.000022s ]
INFO: [ app_init ] --END-- [ RunTime:0.000643s ]
INFO: [ app_begin ] --START--
INFO: Run Behavior\ReadHtmlCacheBehavior [ RunTime:0.000689s ]
INFO: [ app_begin ] --END-- [ RunTime:0.000787s ]
SQL: SHOW COLUMNS FROM `tp_article` [ RunTime:0.0028s ]
SQL: SELECT COUNT(*) AS tp_count FROM `tp_article` LIMIT 1   [ RunTime:0.0003s ]
SQL: SELECT * FROM `tp_article` ORDER BY time desc LIMIT 0,9   [ RunTime:0.0013s ]
SQL: SELECT `id`,`title`,`desc` FROM `tp_article` LIMIT 6   [ RunTime:0.0002s ]
SQL: SHOW COLUMNS FROM `tp_lunbo` [ RunTime:0.0035s ]
SQL: SELECT `id`,`picture`,`title` FROM `tp_lunbo` LIMIT 5   [ RunTime:0.0003s ]
SQL: SHOW COLUMNS FROM `tp_link` [ RunTime:0.0023s ]
SQL: SELECT * FROM `tp_link` WHERE ( sort=0 )  [ RunTime:0.0003s ]
SQL: SELECT * FROM `tp_link` WHERE ( sort=1 )  [ RunTime:0.0003s ]
SQL: SELECT * FROM `tp_link` WHERE ( sort=2 )  [ RunTime:0.0004s ]
SQL: SELECT COUNT(*) AS tp_count FROM `tp_article` LIMIT 1   [ RunTime:0.0002s ]
SQL: SELECT tp1.*,tp2.catename as catename FROM tp_article tp1 left join tp_cate as tp2 on tp1.cateid = tp2.id  WHERE `catename` = '人生哲理' LIMIT 0,9   [ RunTime:0.0004s ]
SQL: SELECT COUNT(*) AS tp_count FROM `tp_article` LIMIT 1   [ RunTime:0.0002s ]
SQL: SELECT tp1.*,tp2.catename as catename FROM tp_article tp1 left join tp_cate as tp2 on tp1.cateid = tp2.id  WHERE `catename` = '励志文章' LIMIT 0,9   [ RunTime:0.0009s ]
SQL: SELECT COUNT(*) AS tp_count FROM `tp_article` LIMIT 1   [ RunTime:0.0003s ]
SQL: SELECT tp1.*,tp2.catename as catename FROM tp_article tp1 left join tp_cate as tp2 on tp1.cateid = tp2.id  WHERE `catename` = '感情美文' LIMIT 0,9   [ RunTime:0.0011s ]
SQL: SELECT COUNT(*) AS tp_count FROM `tp_article` LIMIT 1   [ RunTime:0.0002s ]
SQL: SELECT tp1.*,tp2.catename as catename FROM tp_article tp1 left join tp_cate as tp2 on tp1.cateid = tp2.id  WHERE `catename` = '金典美文' LIMIT 0,9   [ RunTime:0.0007s ]
SQL: SELECT COUNT(*) AS tp_count FROM `tp_article` LIMIT 1   [ RunTime:0.0002s ]
SQL: SELECT tp1.*,tp2.catename as catename FROM tp_article tp1 left join tp_cate as tp2 on tp1.cateid = tp2.id  WHERE `catename` = '人生感情' LIMIT 0,9   [ RunTime:0.0003s ]
SQL: SELECT `id`,`picture`,`title` FROM `tp_lunbo` ORDER BY time desc LIMIT 1   [ RunTime:0.0002s ]
SQL: SELECT `id`,`title` FROM `tp_lunbo` ORDER BY time desc  [ RunTime:0.0003s ]
SQL: SELECT `id`,`title` FROM `tp_article` ORDER BY time desc LIMIT 1   [ RunTime:0.0002s ]
SQL: SELECT `id`,`title` FROM `tp_article` LIMIT 5   [ RunTime:0.0003s ]
INFO: [ view_parse ] --START--
INFO: [ template_filter ] --START--
INFO: Run Behavior\ContentReplaceBehavior [ RunTime:0.000178s ]
INFO: [ template_filter ] --END-- [ RunTime:0.000281s ]
INFO: Run Behavior\ParseTemplateBehavior [ RunTime:0.030342s ]
INFO: [ view_parse ] --END-- [ RunTime:0.030451s ]
INFO: [ view_filter ] --START--
INFO: Run Behavior\WriteHtmlCacheBehavior [ RunTime:0.000600s ]
INFO: [ view_filter ] --END-- [ RunTime:0.000694s ]
INFO: [ app_end ] --START--
INFO: Run Behavior\ShowPageTraceBehavior [ RunTime:0.000729s ]
INFO: [ app_end ] --END-- [ RunTime:0.000834s ]

[ 2017-02-24T10:45:01+08:00 ] 127.0.0.1 /project/tp_boot/index.php/Home/article/index/id/47
INFO: [ app_init ] --START--
INFO: Run Behavior\BuildLiteBehavior [ RunTime:0.000061s ]
INFO: [ app_init ] --END-- [ RunTime:0.001046s ]
INFO: [ app_begin ] --START--
INFO: Run Behavior\ReadHtmlCacheBehavior [ RunTime:0.000764s ]
INFO: [ app_begin ] --END-- [ RunTime:0.000871s ]
SQL: SHOW COLUMNS FROM `tp_article` [ RunTime:0.0029s ]
SQL: SELECT tp1.*,tp2.catename as catename FROM tp_article tp1 left join tp_cate as tp2 on tp1.cateid = tp2.id  WHERE ( tp1.id=47 )  [ RunTime:0.0211s ]
SQL: SELECT * FROM `tp_article` WHERE `id` = 47 LIMIT 1   [ RunTime:0.0006s ]
SQL: SELECT * FROM `tp_article` WHERE ( id>47 ) AND `cateid` = 8 ORDER BY id asc LIMIT 1   [ RunTime:0.0096s ]
SQL: SELECT * FROM `tp_article` WHERE ( id<47 ) AND `cateid` = 8 ORDER BY id desc LIMIT 1   [ RunTime:0.0003s ]
SQL: SHOW COLUMNS FROM `tp_link` [ RunTime:0.0030s ]
SQL: SELECT * FROM `tp_link` WHERE ( sort=0 )  [ RunTime:0.0004s ]
SQL: SELECT * FROM `tp_link` WHERE ( sort=1 )  [ RunTime:0.0003s ]
SQL: SELECT * FROM `tp_link` WHERE ( sort=2 )  [ RunTime:0.0003s ]
SQL: SELECT `id`,`title`,`time` FROM `tp_article` ORDER BY time desc LIMIT 8   [ RunTime:0.0003s ]
INFO: [ view_parse ] --START--
INFO: [ template_filter ] --START--
INFO: Run Behavior\ContentReplaceBehavior [ RunTime:0.000125s ]
INFO: [ template_filter ] --END-- [ RunTime:0.000251s ]
INFO: Run Behavior\ParseTemplateBehavior [ RunTime:0.048058s ]
INFO: [ view_parse ] --END-- [ RunTime:0.048200s ]
INFO: [ view_filter ] --START--
INFO: Run Behavior\WriteHtmlCacheBehavior [ RunTime:0.000733s ]
INFO: [ view_filter ] --END-- [ RunTime:0.000832s ]
INFO: [ app_end ] --START--
INFO: Run Behavior\ShowPageTraceBehavior [ RunTime:0.000747s ]
INFO: [ app_end ] --END-- [ RunTime:0.000846s ]

[ 2017-02-24T10:47:56+08:00 ] 127.0.0.1 /project/tp_boot/index.php/home/Index/index.html
INFO: [ app_init ] --START--
INFO: Run Behavior\BuildLiteBehavior [ RunTime:0.000021s ]
INFO: [ app_init ] --END-- [ RunTime:0.000702s ]
INFO: [ app_begin ] --START--
INFO: Run Behavior\ReadHtmlCacheBehavior [ RunTime:0.000730s ]
INFO: [ app_begin ] --END-- [ RunTime:0.000840s ]
SQL: SHOW COLUMNS FROM `tp_article` [ RunTime:0.0038s ]
SQL: SELECT COUNT(*) AS tp_count FROM `tp_article` LIMIT 1   [ RunTime:0.0003s ]
SQL: SELECT * FROM `tp_article` ORDER BY time desc LIMIT 0,9   [ RunTime:0.0014s ]
SQL: SELECT `id`,`title`,`desc` FROM `tp_article` LIMIT 6   [ RunTime:0.0003s ]
SQL: SHOW COLUMNS FROM `tp_lunbo` [ RunTime:0.0026s ]
SQL: SELECT `id`,`picture`,`title` FROM `tp_lunbo` LIMIT 5   [ RunTime:0.0003s ]
SQL: SHOW COLUMNS FROM `tp_link` [ RunTime:0.0030s ]
SQL: SELECT * FROM `tp_link` WHERE ( sort=0 )  [ RunTime:0.0004s ]
SQL: SELECT * FROM `tp_link` WHERE ( sort=1 )  [ RunTime:0.0003s ]
SQL: SELECT * FROM `tp_link` WHERE ( sort=2 )  [ RunTime:0.0003s ]
SQL: SELECT COUNT(*) AS tp_count FROM `tp_article` LIMIT 1   [ RunTime:0.0002s ]
SQL: SELECT tp1.*,tp2.catename as catename FROM tp_article tp1 left join tp_cate as tp2 on tp1.cateid = tp2.id  WHERE `catename` = '人生哲理' LIMIT 0,9   [ RunTime:0.0005s ]
SQL: SELECT COUNT(*) AS tp_count FROM `tp_article` LIMIT 1   [ RunTime:0.0002s ]
SQL: SELECT tp1.*,tp2.catename as catename FROM tp_article tp1 left join tp_cate as tp2 on tp1.cateid = tp2.id  WHERE `catename` = '励志文章' LIMIT 0,9   [ RunTime:0.0007s ]
SQL: SELECT COUNT(*) AS tp_count FROM `tp_article` LIMIT 1   [ RunTime:0.0002s ]
SQL: SELECT tp1.*,tp2.catename as catename FROM tp_article tp1 left join tp_cate as tp2 on tp1.cateid = tp2.id  WHERE `catename` = '感情美文' LIMIT 0,9   [ RunTime:0.0007s ]
SQL: SELECT COUNT(*) AS tp_count FROM `tp_article` LIMIT 1   [ RunTime:0.0002s ]
SQL: SELECT tp1.*,tp2.catename as catename FROM tp_article tp1 left join tp_cate as tp2 on tp1.cateid = tp2.id  WHERE `catename` = '金典美文' LIMIT 0,9   [ RunTime:0.0007s ]
SQL: SELECT COUNT(*) AS tp_count FROM `tp_article` LIMIT 1   [ RunTime:0.0002s ]
SQL: SELECT tp1.*,tp2.catename as catename FROM tp_article tp1 left join tp_cate as tp2 on tp1.cateid = tp2.id  WHERE `catename` = '人生感情' LIMIT 0,9   [ RunTime:0.0003s ]
SQL: SELECT `id`,`picture`,`title` FROM `tp_lunbo` ORDER BY time desc LIMIT 1   [ RunTime:0.0003s ]
SQL: SELECT `id`,`title` FROM `tp_lunbo` ORDER BY time desc  [ RunTime:0.0002s ]
SQL: SELECT `id`,`title` FROM `tp_article` ORDER BY time desc LIMIT 1   [ RunTime:0.0002s ]
SQL: SELECT `id`,`title` FROM `tp_article` LIMIT 5   [ RunTime:0.0002s ]
INFO: [ view_parse ] --START--
INFO: [ template_filter ] --START--
INFO: Run Behavior\ContentReplaceBehavior [ RunTime:0.000180s ]
INFO: [ template_filter ] --END-- [ RunTime:0.000306s ]
INFO: Run Behavior\ParseTemplateBehavior [ RunTime:0.028231s ]
INFO: [ view_parse ] --END-- [ RunTime:0.028335s ]
INFO: [ view_filter ] --START--
INFO: Run Behavior\WriteHtmlCacheBehavior [ RunTime:0.000578s ]
INFO: [ view_filter ] --END-- [ RunTime:0.000668s ]
INFO: [ app_end ] --START--
INFO: Run Behavior\ShowPageTraceBehavior [ RunTime:0.001053s ]
INFO: [ app_end ] --END-- [ RunTime:0.001196s ]

[ 2017-02-24T10:48:00+08:00 ] 127.0.0.1 /project/tp_boot/index.php/Home/article/index/id/47
INFO: [ app_init ] --START--
INFO: Run Behavior\BuildLiteBehavior [ RunTime:0.000023s ]
INFO: [ app_init ] --END-- [ RunTime:0.000808s ]
INFO: [ app_begin ] --START--
INFO: Run Behavior\ReadHtmlCacheBehavior [ RunTime:0.000777s ]
INFO: [ app_begin ] --END-- [ RunTime:0.000898s ]
SQL: SHOW COLUMNS FROM `tp_article` [ RunTime:0.0035s ]
SQL: SELECT tp1.*,tp2.catename as catename FROM tp_article tp1 left join tp_cate as tp2 on tp1.cateid = tp2.id  WHERE ( tp1.id=47 )  [ RunTime:0.0010s ]
SQL: SELECT * FROM `tp_article` WHERE `id` = 47 LIMIT 1   [ RunTime:0.0008s ]
SQL: SELECT * FROM `tp_article` WHERE ( id>47 ) AND `cateid` = 8 ORDER BY id asc LIMIT 1   [ RunTime:0.0004s ]
SQL: SELECT * FROM `tp_article` WHERE ( id<47 ) AND `cateid` = 8 ORDER BY id desc LIMIT 1   [ RunTime:0.0003s ]
SQL: SHOW COLUMNS FROM `tp_link` [ RunTime:0.0029s ]
SQL: SELECT * FROM `tp_link` WHERE ( sort=0 )  [ RunTime:0.0005s ]
SQL: SELECT * FROM `tp_link` WHERE ( sort=1 )  [ RunTime:0.0005s ]
SQL: SELECT * FROM `tp_link` WHERE ( sort=2 )  [ RunTime:0.0004s ]
SQL: SELECT `id`,`title`,`time` FROM `tp_article` ORDER BY time desc LIMIT 8   [ RunTime:0.0003s ]
INFO: [ view_parse ] --START--
INFO: [ template_filter ] --START--
INFO: Run Behavior\ContentReplaceBehavior [ RunTime:0.000112s ]
INFO: [ template_filter ] --END-- [ RunTime:0.000211s ]
INFO: Run Behavior\ParseTemplateBehavior [ RunTime:0.014906s ]
INFO: [ view_parse ] --END-- [ RunTime:0.015014s ]
INFO: [ view_filter ] --START--
INFO: Run Behavior\WriteHtmlCacheBehavior [ RunTime:0.000567s ]
INFO: [ view_filter ] --END-- [ RunTime:0.000662s ]
INFO: [ app_end ] --START--
INFO: Run Behavior\ShowPageTraceBehavior [ RunTime:0.001238s ]
INFO: [ app_end ] --END-- [ RunTime:0.001427s ]

[ 2017-02-24T10:48:53+08:00 ] 127.0.0.1 /project/tp_boot/index.php/Home/index/index.html
INFO: [ app_init ] --START--
INFO: Run Behavior\BuildLiteBehavior [ RunTime:0.000040s ]
INFO: [ app_init ] --END-- [ RunTime:0.000908s ]
INFO: [ app_begin ] --START--
INFO: Run Behavior\ReadHtmlCacheBehavior [ RunTime:0.000998s ]
INFO: [ app_begin ] --END-- [ RunTime:0.001101s ]
SQL: SHOW COLUMNS FROM `tp_article` [ RunTime:0.0040s ]
SQL: SELECT COUNT(*) AS tp_count FROM `tp_article` LIMIT 1   [ RunTime:0.0004s ]
SQL: SELECT * FROM `tp_article` ORDER BY time desc LIMIT 0,9   [ RunTime:0.0018s ]
SQL: SELECT `id`,`title`,`desc` FROM `tp_article` LIMIT 6   [ RunTime:0.0004s ]
SQL: SHOW COLUMNS FROM `tp_lunbo` [ RunTime:0.0092s ]
SQL: SELECT `id`,`picture`,`title` FROM `tp_lunbo` LIMIT 5   [ RunTime:0.0003s ]
SQL: SHOW COLUMNS FROM `tp_link` [ RunTime:0.0028s ]
SQL: SELECT * FROM `tp_link` WHERE ( sort=0 )  [ RunTime:0.0005s ]
SQL: SELECT * FROM `tp_link` WHERE ( sort=1 )  [ RunTime:0.0003s ]
SQL: SELECT * FROM `tp_link` WHERE ( sort=2 )  [ RunTime:0.0002s ]
SQL: SELECT COUNT(*) AS tp_count FROM `tp_article` LIMIT 1   [ RunTime:0.0002s ]
SQL: SELECT tp1.*,tp2.catename as catename FROM tp_article tp1 left join tp_cate as tp2 on tp1.cateid = tp2.id  WHERE `catename` = '人生哲理' LIMIT 0,9   [ RunTime:0.0005s ]
SQL: SELECT COUNT(*) AS tp_count FROM `tp_article` LIMIT 1   [ RunTime:0.0002s ]
SQL: SELECT tp1.*,tp2.catename as catename FROM tp_article tp1 left join tp_cate as tp2 on tp1.cateid = tp2.id  WHERE `catename` = '励志文章' LIMIT 0,9   [ RunTime:0.0009s ]
SQL: SELECT COUNT(*) AS tp_count FROM `tp_article` LIMIT 1   [ RunTime:0.0002s ]
SQL: SELECT tp1.*,tp2.catename as catename FROM tp_article tp1 left join tp_cate as tp2 on tp1.cateid = tp2.id  WHERE `catename` = '感情美文' LIMIT 0,9   [ RunTime:0.0008s ]
SQL: SELECT COUNT(*) AS tp_count FROM `tp_article` LIMIT 1   [ RunTime:0.0003s ]
SQL: SELECT tp1.*,tp2.catename as catename FROM tp_article tp1 left join tp_cate as tp2 on tp1.cateid = tp2.id  WHERE `catename` = '金典美文' LIMIT 0,9   [ RunTime:0.0011s ]
SQL: SELECT COUNT(*) AS tp_count FROM `tp_article` LIMIT 1   [ RunTime:0.0003s ]
SQL: SELECT tp1.*,tp2.catename as catename FROM tp_article tp1 left join tp_cate as tp2 on tp1.cateid = tp2.id  WHERE `catename` = '人生感情' LIMIT 0,9   [ RunTime:0.0003s ]
SQL: SELECT `id`,`picture`,`title` FROM `tp_lunbo` ORDER BY time desc LIMIT 1   [ RunTime:0.0003s ]
SQL: SELECT `id`,`title` FROM `tp_lunbo` ORDER BY time desc  [ RunTime:0.0003s ]
SQL: SELECT `id`,`title` FROM `tp_article` ORDER BY time desc LIMIT 1   [ RunTime:0.0003s ]
SQL: SELECT `id`,`title` FROM `tp_article` LIMIT 5   [ RunTime:0.0003s ]
INFO: [ view_parse ] --START--
INFO: [ template_filter ] --START--
INFO: Run Behavior\ContentReplaceBehavior [ RunTime:0.000175s ]
INFO: [ template_filter ] --END-- [ RunTime:0.000278s ]
INFO: Run Behavior\ParseTemplateBehavior [ RunTime:0.030044s ]
INFO: [ view_parse ] --END-- [ RunTime:0.030152s ]
INFO: [ view_filter ] --START--
INFO: Run Behavior\WriteHtmlCacheBehavior [ RunTime:0.000808s ]
INFO: [ view_filter ] --END-- [ RunTime:0.000900s ]
INFO: [ app_end ] --START--
INFO: Run Behavior\ShowPageTraceBehavior [ RunTime:0.001160s ]
INFO: [ app_end ] --END-- [ RunTime:0.001363s ]

[ 2017-02-24T10:48:57+08:00 ] 127.0.0.1 /project/tp_boot/index.php/Home/article/index/id/51
INFO: [ app_init ] --START--
INFO: Run Behavior\BuildLiteBehavior [ RunTime:0.000021s ]
INFO: [ app_init ] --END-- [ RunTime:0.000654s ]
INFO: [ app_begin ] --START--
INFO: Run Behavior\ReadHtmlCacheBehavior [ RunTime:0.001035s ]
INFO: [ app_begin ] --END-- [ RunTime:0.001186s ]
SQL: SHOW COLUMNS FROM `tp_article` [ RunTime:0.0033s ]
SQL: SELECT tp1.*,tp2.catename as catename FROM tp_article tp1 left join tp_cate as tp2 on tp1.cateid = tp2.id  WHERE ( tp1.id=51 )  [ RunTime:0.0004s ]
SQL: SELECT * FROM `tp_article` WHERE `id` = 51 LIMIT 1   [ RunTime:0.0003s ]
SQL: SELECT * FROM `tp_article` WHERE ( id>51 ) AND `cateid` = 10 ORDER BY id asc LIMIT 1   [ RunTime:0.0004s ]
SQL: SELECT * FROM `tp_article` WHERE ( id<51 ) AND `cateid` = 10 ORDER BY id desc LIMIT 1   [ RunTime:0.0004s ]
SQL: SHOW COLUMNS FROM `tp_link` [ RunTime:0.0044s ]
SQL: SELECT * FROM `tp_link` WHERE ( sort=0 )  [ RunTime:0.0005s ]
SQL: SELECT * FROM `tp_link` WHERE ( sort=1 )  [ RunTime:0.0004s ]
SQL: SELECT * FROM `tp_link` WHERE ( sort=2 )  [ RunTime:0.0004s ]
SQL: SELECT `id`,`title`,`time` FROM `tp_article` ORDER BY time desc LIMIT 8   [ RunTime:0.0005s ]
INFO: [ view_parse ] --START--
INFO: [ template_filter ] --START--
INFO: Run Behavior\ContentReplaceBehavior [ RunTime:0.000130s ]
INFO: [ template_filter ] --END-- [ RunTime:0.000238s ]
INFO: Run Behavior\ParseTemplateBehavior [ RunTime:0.014051s ]
INFO: [ view_parse ] --END-- [ RunTime:0.014217s ]
INFO: [ view_filter ] --START--
INFO: Run Behavior\WriteHtmlCacheBehavior [ RunTime:0.000664s ]
INFO: [ view_filter ] --END-- [ RunTime:0.000762s ]
INFO: [ app_end ] --START--
INFO: Run Behavior\ShowPageTraceBehavior [ RunTime:0.001213s ]
INFO: [ app_end ] --END-- [ RunTime:0.001383s ]

[ 2017-02-24T10:49:01+08:00 ] 127.0.0.1 /project/tp_boot/index.php/Home/article/index/id/50
INFO: [ app_init ] --START--
INFO: Run Behavior\BuildLiteBehavior [ RunTime:0.000021s ]
INFO: [ app_init ] --END-- [ RunTime:0.000641s ]
INFO: [ app_begin ] --START--
INFO: Run Behavior\ReadHtmlCacheBehavior [ RunTime:0.001076s ]
INFO: [ app_begin ] --END-- [ RunTime:0.001236s ]
SQL: SHOW COLUMNS FROM `tp_article` [ RunTime:0.0032s ]
SQL: SELECT tp1.*,tp2.catename as catename FROM tp_article tp1 left join tp_cate as tp2 on tp1.cateid = tp2.id  WHERE ( tp1.id=50 )  [ RunTime:0.0008s ]
SQL: SELECT * FROM `tp_article` WHERE `id` = 50 LIMIT 1   [ RunTime:0.0005s ]
SQL: SELECT * FROM `tp_article` WHERE ( id>50 ) AND `cateid` = 10 ORDER BY id asc LIMIT 1   [ RunTime:0.0005s ]
SQL: SELECT * FROM `tp_article` WHERE ( id<50 ) AND `cateid` = 10 ORDER BY id desc LIMIT 1   [ RunTime:0.0004s ]
SQL: SHOW COLUMNS FROM `tp_link` [ RunTime:0.0030s ]
SQL: SELECT * FROM `tp_link` WHERE ( sort=0 )  [ RunTime:0.0004s ]
SQL: SELECT * FROM `tp_link` WHERE ( sort=1 )  [ RunTime:0.0003s ]
SQL: SELECT * FROM `tp_link` WHERE ( sort=2 )  [ RunTime:0.0004s ]
SQL: SELECT `id`,`title`,`time` FROM `tp_article` ORDER BY time desc LIMIT 8   [ RunTime:0.0003s ]
INFO: [ view_parse ] --START--
INFO: [ template_filter ] --START--
INFO: Run Behavior\ContentReplaceBehavior [ RunTime:0.000193s ]
INFO: [ template_filter ] --END-- [ RunTime:0.000310s ]
INFO: Run Behavior\ParseTemplateBehavior [ RunTime:0.014211s ]
INFO: [ view_parse ] --END-- [ RunTime:0.014323s ]
INFO: [ view_filter ] --START--
INFO: Run Behavior\WriteHtmlCacheBehavior [ RunTime:0.000565s ]
INFO: [ view_filter ] --END-- [ RunTime:0.000657s ]
INFO: [ app_end ] --START--
INFO: Run Behavior\ShowPageTraceBehavior [ RunTime:0.000843s ]
INFO: [ app_end ] --END-- [ RunTime:0.001029s ]

[ 2017-02-24T10:49:26+08:00 ] 127.0.0.1 /project/tp_boot/index.php/Home/Index/index.html
INFO: [ app_init ] --START--
INFO: Run Behavior\BuildLiteBehavior [ RunTime:0.000022s ]
INFO: [ app_init ] --END-- [ RunTime:0.000625s ]
INFO: [ app_begin ] --START--
INFO: Run Behavior\ReadHtmlCacheBehavior [ RunTime:0.000695s ]
INFO: [ app_begin ] --END-- [ RunTime:0.000798s ]
SQL: SHOW COLUMNS FROM `tp_article` [ RunTime:0.0027s ]
SQL: SELECT COUNT(*) AS tp_count FROM `tp_article` LIMIT 1   [ RunTime:0.0003s ]
SQL: SELECT * FROM `tp_article` ORDER BY time desc LIMIT 0,9   [ RunTime:0.0013s ]
SQL: SELECT `id`,`title`,`desc` FROM `tp_article` LIMIT 6   [ RunTime:0.0003s ]
SQL: SHOW COLUMNS FROM `tp_lunbo` [ RunTime:0.0036s ]
SQL: SELECT `id`,`picture`,`title` FROM `tp_lunbo` LIMIT 5   [ RunTime:0.0003s ]
SQL: SHOW COLUMNS FROM `tp_link` [ RunTime:0.0023s ]
SQL: SELECT * FROM `tp_link` WHERE ( sort=0 )  [ RunTime:0.0003s ]
SQL: SELECT * FROM `tp_link` WHERE ( sort=1 )  [ RunTime:0.0003s ]
SQL: SELECT * FROM `tp_link` WHERE ( sort=2 )  [ RunTime:0.0003s ]
SQL: SELECT COUNT(*) AS tp_count FROM `tp_article` LIMIT 1   [ RunTime:0.0003s ]
SQL: SELECT tp1.*,tp2.catename as catename FROM tp_article tp1 left join tp_cate as tp2 on tp1.cateid = tp2.id  WHERE `catename` = '人生哲理' LIMIT 0,9   [ RunTime:0.0005s ]
SQL: SELECT COUNT(*) AS tp_count FROM `tp_article` LIMIT 1   [ RunTime:0.0003s ]
SQL: SELECT tp1.*,tp2.catename as catename FROM tp_article tp1 left join tp_cate as tp2 on tp1.cateid = tp2.id  WHERE `catename` = '励志文章' LIMIT 0,9   [ RunTime:0.0010s ]
SQL: SELECT COUNT(*) AS tp_count FROM `tp_article` LIMIT 1   [ RunTime:0.0003s ]
SQL: SELECT tp1.*,tp2.catename as catename FROM tp_article tp1 left join tp_cate as tp2 on tp1.cateid = tp2.id  WHERE `catename` = '感情美文' LIMIT 0,9   [ RunTime:0.0009s ]
SQL: SELECT COUNT(*) AS tp_count FROM `tp_article` LIMIT 1   [ RunTime:0.0003s ]
SQL: SELECT tp1.*,tp2.catename as catename FROM tp_article tp1 left join tp_cate as tp2 on tp1.cateid = tp2.id  WHERE `catename` = '金典美文' LIMIT 0,9   [ RunTime:0.0009s ]
SQL: SELECT COUNT(*) AS tp_count FROM `tp_article` LIMIT 1   [ RunTime:0.0003s ]
SQL: SELECT tp1.*,tp2.catename as catename FROM tp_article tp1 left join tp_cate as tp2 on tp1.cateid = tp2.id  WHERE `catename` = '人生感情' LIMIT 0,9   [ RunTime:0.0005s ]
SQL: SELECT `id`,`picture`,`title` FROM `tp_lunbo` ORDER BY time desc LIMIT 1   [ RunTime:0.0003s ]
SQL: SELECT `id`,`title` FROM `tp_lunbo` ORDER BY time desc  [ RunTime:0.0003s ]
SQL: SELECT `id`,`title` FROM `tp_article` ORDER BY time desc LIMIT 1   [ RunTime:0.0003s ]
SQL: SELECT `id`,`title` FROM `tp_article` LIMIT 5   [ RunTime:0.0003s ]
INFO: [ view_parse ] --START--
INFO: [ template_filter ] --START--
INFO: Run Behavior\ContentReplaceBehavior [ RunTime:0.000183s ]
INFO: [ template_filter ] --END-- [ RunTime:0.000287s ]
INFO: Run Behavior\ParseTemplateBehavior [ RunTime:0.028528s ]
INFO: [ view_parse ] --END-- [ RunTime:0.028633s ]
INFO: [ view_filter ] --START--
INFO: Run Behavior\WriteHtmlCacheBehavior [ RunTime:0.000757s ]
INFO: [ view_filter ] --END-- [ RunTime:0.000853s ]
INFO: [ app_end ] --START--
INFO: Run Behavior\ShowPageTraceBehavior [ RunTime:0.000893s ]
INFO: [ app_end ] --END-- [ RunTime:0.001011s ]

[ 2017-02-24T10:49:28+08:00 ] 127.0.0.1 /project/tp_boot/index.php/Home/Index/index.html
INFO: [ app_init ] --START--
INFO: Run Behavior\BuildLiteBehavior [ RunTime:0.000021s ]
INFO: [ app_init ] --END-- [ RunTime:0.000755s ]
INFO: [ app_begin ] --START--
INFO: Run Behavior\ReadHtmlCacheBehavior [ RunTime:0.001019s ]
INFO: [ app_begin ] --END-- [ RunTime:0.001230s ]
SQL: SHOW COLUMNS FROM `tp_article` [ RunTime:0.0034s ]
SQL: SELECT COUNT(*) AS tp_count FROM `tp_article` LIMIT 1   [ RunTime:0.0004s ]
SQL: SELECT * FROM `tp_article` ORDER BY time desc LIMIT 0,9   [ RunTime:0.0022s ]
SQL: SELECT `id`,`title`,`desc` FROM `tp_article` LIMIT 6   [ RunTime:0.0003s ]
SQL: SHOW COLUMNS FROM `tp_lunbo` [ RunTime:0.0031s ]
SQL: SELECT `id`,`picture`,`title` FROM `tp_lunbo` LIMIT 5   [ RunTime:0.0004s ]
SQL: SHOW COLUMNS FROM `tp_link` [ RunTime:0.0030s ]
SQL: SELECT * FROM `tp_link` WHERE ( sort=0 )  [ RunTime:0.0004s ]
SQL: SELECT * FROM `tp_link` WHERE ( sort=1 )  [ RunTime:0.0003s ]
SQL: SELECT * FROM `tp_link` WHERE ( sort=2 )  [ RunTime:0.0006s ]
SQL: SELECT COUNT(*) AS tp_count FROM `tp_article` LIMIT 1   [ RunTime:0.0004s ]
SQL: SELECT tp1.*,tp2.catename as catename FROM tp_article tp1 left join tp_cate as tp2 on tp1.cateid = tp2.id  WHERE `catename` = '人生哲理' LIMIT 0,9   [ RunTime:0.0009s ]
SQL: SELECT COUNT(*) AS tp_count FROM `tp_article` LIMIT 1   [ RunTime:0.0003s ]
SQL: SELECT tp1.*,tp2.catename as catename FROM tp_article tp1 left join tp_cate as tp2 on tp1.cateid = tp2.id  WHERE `catename` = '励志文章' LIMIT 0,9   [ RunTime:0.0011s ]
SQL: SELECT COUNT(*) AS tp_count FROM `tp_article` LIMIT 1   [ RunTime:0.0003s ]
SQL: SELECT tp1.*,tp2.catename as catename FROM tp_article tp1 left join tp_cate as tp2 on tp1.cateid = tp2.id  WHERE `catename` = '感情美文' LIMIT 0,9   [ RunTime:0.0013s ]
SQL: SELECT COUNT(*) AS tp_count FROM `tp_article` LIMIT 1   [ RunTime:0.0003s ]
SQL: SELECT tp1.*,tp2.catename as catename FROM tp_article tp1 left join tp_cate as tp2 on tp1.cateid = tp2.id  WHERE `catename` = '金典美文' LIMIT 0,9   [ RunTime:0.0012s ]
SQL: SELECT COUNT(*) AS tp_count FROM `tp_article` LIMIT 1   [ RunTime:0.0003s ]
SQL: SELECT tp1.*,tp2.catename as catename FROM tp_article tp1 left join tp_cate as tp2 on tp1.cateid = tp2.id  WHERE `catename` = '人生感情' LIMIT 0,9   [ RunTime:0.0005s ]
SQL: SELECT `id`,`picture`,`title` FROM `tp_lunbo` ORDER BY time desc LIMIT 1   [ RunTime:0.0003s ]
SQL: SELECT `id`,`title` FROM `tp_lunbo` ORDER BY time desc  [ RunTime:0.0003s ]
SQL: SELECT `id`,`title` FROM `tp_article` ORDER BY time desc LIMIT 1   [ RunTime:0.0004s ]
SQL: SELECT `id`,`title` FROM `tp_article` LIMIT 5   [ RunTime:0.0005s ]
INFO: [ view_parse ] --START--
INFO: [ template_filter ] --START--
INFO: Run Behavior\ContentReplaceBehavior [ RunTime:0.000219s ]
INFO: [ template_filter ] --END-- [ RunTime:0.000343s ]
INFO: Run Behavior\ParseTemplateBehavior [ RunTime:0.028733s ]
INFO: [ view_parse ] --END-- [ RunTime:0.028847s ]
INFO: [ view_filter ] --START--
INFO: Run Behavior\WriteHtmlCacheBehavior [ RunTime:0.000586s ]
INFO: [ view_filter ] --END-- [ RunTime:0.000733s ]
INFO: [ app_end ] --START--
INFO: Run Behavior\ShowPageTraceBehavior [ RunTime:0.001080s ]
INFO: [ app_end ] --END-- [ RunTime:0.001242s ]

[ 2017-02-24T10:58:04+08:00 ] 127.0.0.1 /project/tp_boot/index.php/Home/article/index/id/50
INFO: [ app_init ] --START--
INFO: Run Behavior\BuildLiteBehavior [ RunTime:0.000029s ]
INFO: [ app_init ] --END-- [ RunTime:0.016789s ]
INFO: [ app_begin ] --START--
INFO: Run Behavior\ReadHtmlCacheBehavior [ RunTime:0.003757s ]
INFO: [ app_begin ] --END-- [ RunTime:0.004185s ]
SQL: SHOW COLUMNS FROM `tp_article` [ RunTime:0.0492s ]
SQL: SELECT tp1.*,tp2.catename as catename FROM tp_article tp1 left join tp_cate as tp2 on tp1.cateid = tp2.id  WHERE ( tp1.id=50 )  [ RunTime:0.0157s ]
SQL: SELECT * FROM `tp_article` WHERE `id` = 50 LIMIT 1   [ RunTime:0.0005s ]
SQL: SELECT * FROM `tp_article` WHERE ( id>50 ) AND `cateid` = 10 ORDER BY id asc LIMIT 1   [ RunTime:0.0029s ]
SQL: SELECT * FROM `tp_article` WHERE ( id<50 ) AND `cateid` = 10 ORDER BY id desc LIMIT 1   [ RunTime:0.0004s ]
SQL: SHOW COLUMNS FROM `tp_link` [ RunTime:0.0032s ]
SQL: SELECT * FROM `tp_link` WHERE ( sort=0 )  [ RunTime:0.0004s ]
SQL: SELECT * FROM `tp_link` WHERE ( sort=1 )  [ RunTime:0.0004s ]
SQL: SELECT * FROM `tp_link` WHERE ( sort=2 )  [ RunTime:0.0003s ]
SQL: SELECT `id`,`title`,`time` FROM `tp_article` ORDER BY time desc LIMIT 8   [ RunTime:0.0003s ]
INFO: [ view_parse ] --START--
INFO: [ template_filter ] --START--
INFO: Run Behavior\ContentReplaceBehavior [ RunTime:0.000213s ]
INFO: [ template_filter ] --END-- [ RunTime:0.000348s ]
INFO: Run Behavior\ParseTemplateBehavior [ RunTime:0.094031s ]
INFO: [ view_parse ] --END-- [ RunTime:0.094186s ]
INFO: [ view_filter ] --START--
INFO: Run Behavior\WriteHtmlCacheBehavior [ RunTime:0.035155s ]
INFO: [ view_filter ] --END-- [ RunTime:0.035324s ]
INFO: [ app_end ] --START--
INFO: Run Behavior\ShowPageTraceBehavior [ RunTime:0.002006s ]
INFO: [ app_end ] --END-- [ RunTime:0.002388s ]

[ 2017-02-24T13:22:35+08:00 ] 127.0.0.1 /project/tp_boot/index.php/Home/index/index.html
INFO: [ app_init ] --START--
INFO: Run Behavior\BuildLiteBehavior [ RunTime:0.000021s ]
INFO: [ app_init ] --END-- [ RunTime:0.000798s ]
INFO: [ app_begin ] --START--
INFO: Run Behavior\ReadHtmlCacheBehavior [ RunTime:0.001051s ]
INFO: [ app_begin ] --END-- [ RunTime:0.001168s ]
SQL: SHOW COLUMNS FROM `tp_article` [ RunTime:0.0056s ]
SQL: SELECT COUNT(*) AS tp_count FROM `tp_article` LIMIT 1   [ RunTime:0.0191s ]
SQL: SELECT * FROM `tp_article` ORDER BY time desc LIMIT 0,9   [ RunTime:0.0020s ]
SQL: SELECT `id`,`title`,`desc` FROM `tp_article` LIMIT 6   [ RunTime:0.0003s ]
SQL: SHOW COLUMNS FROM `tp_lunbo` [ RunTime:0.0051s ]
SQL: SELECT `id`,`picture`,`title` FROM `tp_lunbo` LIMIT 5   [ RunTime:0.0005s ]
SQL: SHOW COLUMNS FROM `tp_link` [ RunTime:0.0032s ]
SQL: SELECT * FROM `tp_link` WHERE ( sort=0 )  [ RunTime:0.0004s ]
SQL: SELECT * FROM `tp_link` WHERE ( sort=1 )  [ RunTime:0.0003s ]
SQL: SELECT * FROM `tp_link` WHERE ( sort=2 )  [ RunTime:0.0004s ]
SQL: SELECT COUNT(*) AS tp_count FROM `tp_article` LIMIT 1   [ RunTime:0.0002s ]
SQL: SELECT tp1.*,tp2.catename as catename FROM tp_article tp1 left join tp_cate as tp2 on tp1.cateid = tp2.id  WHERE `catename` = '人生哲理' LIMIT 0,9   [ RunTime:0.0227s ]
SQL: SELECT COUNT(*) AS tp_count FROM `tp_article` LIMIT 1   [ RunTime:0.0007s ]
SQL: SELECT tp1.*,tp2.catename as catename FROM tp_article tp1 left join tp_cate as tp2 on tp1.cateid = tp2.id  WHERE `catename` = '励志文章' LIMIT 0,9   [ RunTime:0.0012s ]
SQL: SELECT COUNT(*) AS tp_count FROM `tp_article` LIMIT 1   [ RunTime:0.0004s ]
SQL: SELECT tp1.*,tp2.catename as catename FROM tp_article tp1 left join tp_cate as tp2 on tp1.cateid = tp2.id  WHERE `catename` = '感情美文' LIMIT 0,9   [ RunTime:0.0009s ]
SQL: SELECT COUNT(*) AS tp_count FROM `tp_article` LIMIT 1   [ RunTime:0.0002s ]
SQL: SELECT tp1.*,tp2.catename as catename FROM tp_article tp1 left join tp_cate as tp2 on tp1.cateid = tp2.id  WHERE `catename` = '金典美文' LIMIT 0,9   [ RunTime:0.0009s ]
SQL: SELECT COUNT(*) AS tp_count FROM `tp_article` LIMIT 1   [ RunTime:0.0004s ]
SQL: SELECT tp1.*,tp2.catename as catename FROM tp_article tp1 left join tp_cate as tp2 on tp1.cateid = tp2.id  WHERE `catename` = '人生感情' LIMIT 0,9   [ RunTime:0.0004s ]
SQL: SELECT `id`,`picture`,`title` FROM `tp_lunbo` ORDER BY time desc LIMIT 1   [ RunTime:0.0002s ]
SQL: SELECT `id`,`title` FROM `tp_lunbo` ORDER BY time desc  [ RunTime:0.0003s ]
SQL: SELECT `id`,`title` FROM `tp_article` ORDER BY time desc LIMIT 1   [ RunTime:0.0002s ]
SQL: SELECT `id`,`title` FROM `tp_article` LIMIT 5   [ RunTime:0.0002s ]
INFO: [ view_parse ] --START--
INFO: [ template_filter ] --START--
INFO: Run Behavior\ContentReplaceBehavior [ RunTime:0.000186s ]
INFO: [ template_filter ] --END-- [ RunTime:0.000293s ]
INFO: Run Behavior\ParseTemplateBehavior [ RunTime:0.042089s ]
INFO: [ view_parse ] --END-- [ RunTime:0.042242s ]
INFO: [ view_filter ] --START--
INFO: Run Behavior\WriteHtmlCacheBehavior [ RunTime:0.001187s ]
INFO: [ view_filter ] --END-- [ RunTime:0.001338s ]
INFO: [ app_end ] --START--
INFO: Run Behavior\ShowPageTraceBehavior [ RunTime:0.001508s ]
INFO: [ app_end ] --END-- [ RunTime:0.001651s ]

[ 2017-02-24T13:24:08+08:00 ] 127.0.0.1 /project/tp_boot/index.php/Home/index/index.html
INFO: [ app_init ] --START--
INFO: Run Behavior\BuildLiteBehavior [ RunTime:0.000040s ]
INFO: [ app_init ] --END-- [ RunTime:0.001174s ]
INFO: [ app_begin ] --START--
INFO: Run Behavior\ReadHtmlCacheBehavior [ RunTime:0.000717s ]
INFO: [ app_begin ] --END-- [ RunTime:0.000816s ]
SQL: SHOW COLUMNS FROM `tp_article` [ RunTime:0.0035s ]
SQL: SELECT COUNT(*) AS tp_count FROM `tp_article` LIMIT 1   [ RunTime:0.0003s ]
SQL: SELECT * FROM `tp_article` ORDER BY time desc LIMIT 0,9   [ RunTime:0.0013s ]
SQL: SELECT `id`,`title`,`desc` FROM `tp_article` LIMIT 6   [ RunTime:0.0002s ]
SQL: SHOW COLUMNS FROM `tp_lunbo` [ RunTime:0.0119s ]
SQL: SELECT `id`,`picture`,`title` FROM `tp_lunbo` LIMIT 5   [ RunTime:0.0003s ]
SQL: SHOW COLUMNS FROM `tp_link` [ RunTime:0.0029s ]
SQL: SELECT * FROM `tp_link` WHERE ( sort=0 )  [ RunTime:0.0003s ]
SQL: SELECT * FROM `tp_link` WHERE ( sort=1 )  [ RunTime:0.0003s ]
SQL: SELECT * FROM `tp_link` WHERE ( sort=2 )  [ RunTime:0.0002s ]
SQL: SELECT COUNT(*) AS tp_count FROM `tp_article` LIMIT 1   [ RunTime:0.0002s ]
SQL: SELECT tp1.*,tp2.catename as catename FROM tp_article tp1 left join tp_cate as tp2 on tp1.cateid = tp2.id  WHERE `catename` = '人生哲理' LIMIT 0,9   [ RunTime:0.0006s ]
SQL: SELECT COUNT(*) AS tp_count FROM `tp_article` LIMIT 1   [ RunTime:0.0006s ]
SQL: SELECT tp1.*,tp2.catename as catename FROM tp_article tp1 left join tp_cate as tp2 on tp1.cateid = tp2.id  WHERE `catename` = '励志文章' LIMIT 0,9   [ RunTime:0.0009s ]
SQL: SELECT COUNT(*) AS tp_count FROM `tp_article` LIMIT 1   [ RunTime:0.0003s ]
SQL: SELECT tp1.*,tp2.catename as catename FROM tp_article tp1 left join tp_cate as tp2 on tp1.cateid = tp2.id  WHERE `catename` = '感情美文' LIMIT 0,9   [ RunTime:0.0008s ]
SQL: SELECT COUNT(*) AS tp_count FROM `tp_article` LIMIT 1   [ RunTime:0.0003s ]
SQL: SELECT tp1.*,tp2.catename as catename FROM tp_article tp1 left join tp_cate as tp2 on tp1.cateid = tp2.id  WHERE `catename` = '金典美文' LIMIT 0,9   [ RunTime:0.0007s ]
SQL: SELECT COUNT(*) AS tp_count FROM `tp_article` LIMIT 1   [ RunTime:0.0003s ]
SQL: SELECT tp1.*,tp2.catename as catename FROM tp_article tp1 left join tp_cate as tp2 on tp1.cateid = tp2.id  WHERE `catename` = '人生感情' LIMIT 0,9   [ RunTime:0.0003s ]
SQL: SELECT `id`,`picture`,`title` FROM `tp_lunbo` ORDER BY time desc LIMIT 1   [ RunTime:0.0003s ]
SQL: SELECT `id`,`title` FROM `tp_lunbo` ORDER BY time desc  [ RunTime:0.0003s ]
SQL: SELECT `id`,`title` FROM `tp_article` ORDER BY time desc LIMIT 1   [ RunTime:0.0003s ]
SQL: SELECT `id`,`title` FROM `tp_article` LIMIT 5   [ RunTime:0.0003s ]
INFO: [ view_parse ] --START--
INFO: [ template_filter ] --START--
INFO: Run Behavior\ContentReplaceBehavior [ RunTime:0.000173s ]
INFO: [ template_filter ] --END-- [ RunTime:0.000275s ]
INFO: Run Behavior\ParseTemplateBehavior [ RunTime:0.030114s ]
INFO: [ view_parse ] --END-- [ RunTime:0.030223s ]
INFO: [ view_filter ] --START--
INFO: Run Behavior\WriteHtmlCacheBehavior [ RunTime:0.000557s ]
INFO: [ view_filter ] --END-- [ RunTime:0.000649s ]
INFO: [ app_end ] --START--
INFO: Run Behavior\ShowPageTraceBehavior [ RunTime:0.000988s ]
INFO: [ app_end ] --END-- [ RunTime:0.001101s ]

[ 2017-02-24T13:24:20+08:00 ] 127.0.0.1 /project/tp_boot/index.php/Home/article/index/id/44
INFO: [ app_init ] --START--
INFO: Run Behavior\BuildLiteBehavior [ RunTime:0.000022s ]
INFO: [ app_init ] --END-- [ RunTime:0.000735s ]
INFO: [ app_begin ] --START--
INFO: Run Behavior\ReadHtmlCacheBehavior [ RunTime:0.000808s ]
INFO: [ app_begin ] --END-- [ RunTime:0.000920s ]
SQL: SHOW COLUMNS FROM `tp_article` [ RunTime:0.0054s ]
SQL: SELECT tp1.*,tp2.catename as catename FROM tp_article tp1 left join tp_cate as tp2 on tp1.cateid = tp2.id  WHERE ( tp1.id=44 )  [ RunTime:0.0004s ]
SQL: SELECT * FROM `tp_article` WHERE `id` = 44 LIMIT 1   [ RunTime:0.0003s ]
SQL: SELECT * FROM `tp_article` WHERE ( id>44 ) AND `cateid` = 8 ORDER BY id asc LIMIT 1   [ RunTime:0.0007s ]
SQL: SELECT * FROM `tp_article` WHERE ( id<44 ) AND `cateid` = 8 ORDER BY id desc LIMIT 1   [ RunTime:0.0003s ]
SQL: SHOW COLUMNS FROM `tp_link` [ RunTime:0.0036s ]
SQL: SELECT * FROM `tp_link` WHERE ( sort=0 )  [ RunTime:0.0004s ]
SQL: SELECT * FROM `tp_link` WHERE ( sort=1 )  [ RunTime:0.0003s ]
SQL: SELECT * FROM `tp_link` WHERE ( sort=2 )  [ RunTime:0.0004s ]
SQL: SELECT `id`,`title`,`time` FROM `tp_article` ORDER BY time desc LIMIT 8   [ RunTime:0.0005s ]
INFO: [ view_parse ] --START--
INFO: [ template_filter ] --START--
INFO: Run Behavior\ContentReplaceBehavior [ RunTime:0.000113s ]
INFO: [ template_filter ] --END-- [ RunTime:0.000212s ]
INFO: Run Behavior\ParseTemplateBehavior [ RunTime:0.015028s ]
INFO: [ view_parse ] --END-- [ RunTime:0.015164s ]
INFO: [ view_filter ] --START--
INFO: Run Behavior\WriteHtmlCacheBehavior [ RunTime:0.000842s ]
INFO: [ view_filter ] --END-- [ RunTime:0.000939s ]
INFO: [ app_end ] --START--
INFO: Run Behavior\ShowPageTraceBehavior [ RunTime:0.000708s ]
INFO: [ app_end ] --END-- [ RunTime:0.000833s ]

[ 2017-02-24T13:24:23+08:00 ] 127.0.0.1 /project/tp_boot/index.php/Home/Article/index/id/47
INFO: [ app_init ] --START--
INFO: Run Behavior\BuildLiteBehavior [ RunTime:0.000037s ]
INFO: [ app_init ] --END-- [ RunTime:0.000745s ]
INFO: [ app_begin ] --START--
INFO: Run Behavior\ReadHtmlCacheBehavior [ RunTime:0.001371s ]
INFO: [ app_begin ] --END-- [ RunTime:0.001639s ]
SQL: SHOW COLUMNS FROM `tp_article` [ RunTime:0.0050s ]
SQL: SELECT tp1.*,tp2.catename as catename FROM tp_article tp1 left join tp_cate as tp2 on tp1.cateid = tp2.id  WHERE ( tp1.id=47 )  [ RunTime:0.0008s ]
SQL: SELECT * FROM `tp_article` WHERE `id` = 47 LIMIT 1   [ RunTime:0.0007s ]
SQL: SELECT * FROM `tp_article` WHERE ( id>47 ) AND `cateid` = 8 ORDER BY id asc LIMIT 1   [ RunTime:0.0004s ]
SQL: SELECT * FROM `tp_article` WHERE ( id<47 ) AND `cateid` = 8 ORDER BY id desc LIMIT 1   [ RunTime:0.0003s ]
SQL: SHOW COLUMNS FROM `tp_link` [ RunTime:0.0035s ]
SQL: SELECT * FROM `tp_link` WHERE ( sort=0 )  [ RunTime:0.0005s ]
SQL: SELECT * FROM `tp_link` WHERE ( sort=1 )  [ RunTime:0.0003s ]
SQL: SELECT * FROM `tp_link` WHERE ( sort=2 )  [ RunTime:0.0007s ]
SQL: SELECT `id`,`title`,`time` FROM `tp_article` ORDER BY time desc LIMIT 8   [ RunTime:0.0006s ]
INFO: [ view_parse ] --START--
INFO: [ template_filter ] --START--
INFO: Run Behavior\ContentReplaceBehavior [ RunTime:0.000199s ]
INFO: [ template_filter ] --END-- [ RunTime:0.000319s ]
INFO: Run Behavior\ParseTemplateBehavior [ RunTime:0.018059s ]
INFO: [ view_parse ] --END-- [ RunTime:0.018194s ]
INFO: [ view_filter ] --START--
INFO: Run Behavior\WriteHtmlCacheBehavior [ RunTime:0.000607s ]
INFO: [ view_filter ] --END-- [ RunTime:0.000724s ]
INFO: [ app_end ] --START--
INFO: Run Behavior\ShowPageTraceBehavior [ RunTime:0.000952s ]
INFO: [ app_end ] --END-- [ RunTime:0.001104s ]

[ 2017-02-24T13:24:27+08:00 ] 127.0.0.1 /project/tp_boot/index.php/Home/Article/index/id/44
INFO: [ app_init ] --START--
INFO: Run Behavior\BuildLiteBehavior [ RunTime:0.000058s ]
INFO: [ app_init ] --END-- [ RunTime:0.001305s ]
INFO: [ app_begin ] --START--
INFO: Run Behavior\ReadHtmlCacheBehavior [ RunTime:0.001066s ]
INFO: [ app_begin ] --END-- [ RunTime:0.001259s ]
SQL: SHOW COLUMNS FROM `tp_article` [ RunTime:0.0065s ]
SQL: SELECT tp1.*,tp2.catename as catename FROM tp_article tp1 left join tp_cate as tp2 on tp1.cateid = tp2.id  WHERE ( tp1.id=44 )  [ RunTime:0.0005s ]
SQL: SELECT * FROM `tp_article` WHERE `id` = 44 LIMIT 1   [ RunTime:0.0004s ]
SQL: SELECT * FROM `tp_article` WHERE ( id>44 ) AND `cateid` = 8 ORDER BY id asc LIMIT 1   [ RunTime:0.0007s ]
SQL: SELECT * FROM `tp_article` WHERE ( id<44 ) AND `cateid` = 8 ORDER BY id desc LIMIT 1   [ RunTime:0.0003s ]
SQL: SHOW COLUMNS FROM `tp_link` [ RunTime:0.0036s ]
SQL: SELECT * FROM `tp_link` WHERE ( sort=0 )  [ RunTime:0.0004s ]
SQL: SELECT * FROM `tp_link` WHERE ( sort=1 )  [ RunTime:0.0543s ]
SQL: SELECT * FROM `tp_link` WHERE ( sort=2 )  [ RunTime:0.0004s ]
SQL: SELECT `id`,`title`,`time` FROM `tp_article` ORDER BY time desc LIMIT 8   [ RunTime:0.0003s ]
INFO: [ view_parse ] --START--
INFO: [ template_filter ] --START--
INFO: Run Behavior\ContentReplaceBehavior [ RunTime:0.000183s ]
INFO: [ template_filter ] --END-- [ RunTime:0.000350s ]
INFO: Run Behavior\ParseTemplateBehavior [ RunTime:0.019846s ]
INFO: [ view_parse ] --END-- [ RunTime:0.019956s ]
INFO: [ view_filter ] --START--
INFO: Run Behavior\WriteHtmlCacheBehavior [ RunTime:0.000523s ]
INFO: [ view_filter ] --END-- [ RunTime:0.000617s ]
INFO: [ app_end ] --START--
INFO: Run Behavior\ShowPageTraceBehavior [ RunTime:0.000857s ]
INFO: [ app_end ] --END-- [ RunTime:0.000985s ]

[ 2017-02-24T13:24:29+08:00 ] 127.0.0.1 /project/tp_boot/index.php/Home/index/index.html
INFO: [ app_init ] --START--
INFO: Run Behavior\BuildLiteBehavior [ RunTime:0.000025s ]
INFO: [ app_init ] --END-- [ RunTime:0.000824s ]
INFO: [ app_begin ] --START--
INFO: Run Behavior\ReadHtmlCacheBehavior [ RunTime:0.001284s ]
INFO: [ app_begin ] --END-- [ RunTime:0.001636s ]
SQL: SHOW COLUMNS FROM `tp_article` [ RunTime:0.0324s ]
SQL: SELECT COUNT(*) AS tp_count FROM `tp_article` LIMIT 1   [ RunTime:0.0003s ]
SQL: SELECT * FROM `tp_article` ORDER BY time desc LIMIT 0,9   [ RunTime:0.0025s ]
SQL: SELECT `id`,`title`,`desc` FROM `tp_article` LIMIT 6   [ RunTime:0.0004s ]
SQL: SHOW COLUMNS FROM `tp_lunbo` [ RunTime:0.0038s ]
SQL: SELECT `id`,`picture`,`title` FROM `tp_lunbo` LIMIT 5   [ RunTime:0.0003s ]
SQL: SHOW COLUMNS FROM `tp_link` [ RunTime:0.0036s ]
SQL: SELECT * FROM `tp_link` WHERE ( sort=0 )  [ RunTime:0.0004s ]
SQL: SELECT * FROM `tp_link` WHERE ( sort=1 )  [ RunTime:0.0003s ]
SQL: SELECT * FROM `tp_link` WHERE ( sort=2 )  [ RunTime:0.0003s ]
SQL: SELECT COUNT(*) AS tp_count FROM `tp_article` LIMIT 1   [ RunTime:0.0003s ]
SQL: SELECT tp1.*,tp2.catename as catename FROM tp_article tp1 left join tp_cate as tp2 on tp1.cateid = tp2.id  WHERE `catename` = '人生哲理' LIMIT 0,9   [ RunTime:0.0006s ]
SQL: SELECT COUNT(*) AS tp_count FROM `tp_article` LIMIT 1   [ RunTime:0.0003s ]
SQL: SELECT tp1.*,tp2.catename as catename FROM tp_article tp1 left join tp_cate as tp2 on tp1.cateid = tp2.id  WHERE `catename` = '励志文章' LIMIT 0,9   [ RunTime:0.0007s ]
SQL: SELECT COUNT(*) AS tp_count FROM `tp_article` LIMIT 1   [ RunTime:0.0004s ]
SQL: SELECT tp1.*,tp2.catename as catename FROM tp_article tp1 left join tp_cate as tp2 on tp1.cateid = tp2.id  WHERE `catename` = '感情美文' LIMIT 0,9   [ RunTime:0.0013s ]
SQL: SELECT COUNT(*) AS tp_count FROM `tp_article` LIMIT 1   [ RunTime:0.0002s ]
SQL: SELECT tp1.*,tp2.catename as catename FROM tp_article tp1 left join tp_cate as tp2 on tp1.cateid = tp2.id  WHERE `catename` = '金典美文' LIMIT 0,9   [ RunTime:0.0008s ]
SQL: SELECT COUNT(*) AS tp_count FROM `tp_article` LIMIT 1   [ RunTime:0.0002s ]
SQL: SELECT tp1.*,tp2.catename as catename FROM tp_article tp1 left join tp_cate as tp2 on tp1.cateid = tp2.id  WHERE `catename` = '人生感情' LIMIT 0,9   [ RunTime:0.0004s ]
SQL: SELECT `id`,`picture`,`title` FROM `tp_lunbo` ORDER BY time desc LIMIT 1   [ RunTime:0.0002s ]
SQL: SELECT `id`,`title` FROM `tp_lunbo` ORDER BY time desc  [ RunTime:0.0002s ]
SQL: SELECT `id`,`title` FROM `tp_article` ORDER BY time desc LIMIT 1   [ RunTime:0.0002s ]
SQL: SELECT `id`,`title` FROM `tp_article` LIMIT 5   [ RunTime:0.0002s ]
INFO: [ view_parse ] --START--
INFO: [ template_filter ] --START--
INFO: Run Behavior\ContentReplaceBehavior [ RunTime:0.000183s ]
INFO: [ template_filter ] --END-- [ RunTime:0.000289s ]
INFO: Run Behavior\ParseTemplateBehavior [ RunTime:0.029551s ]
INFO: [ view_parse ] --END-- [ RunTime:0.029660s ]
INFO: [ view_filter ] --START--
INFO: Run Behavior\WriteHtmlCacheBehavior [ RunTime:0.000546s ]
INFO: [ view_filter ] --END-- [ RunTime:0.000663s ]
INFO: [ app_end ] --START--
INFO: Run Behavior\ShowPageTraceBehavior [ RunTime:0.000915s ]
INFO: [ app_end ] --END-- [ RunTime:0.001094s ]

[ 2017-02-24T13:27:23+08:00 ] 127.0.0.1 /project/tp_boot/index.php/Home/article/index/id/53
INFO: [ app_init ] --START--
INFO: Run Behavior\BuildLiteBehavior [ RunTime:0.000020s ]
INFO: [ app_init ] --END-- [ RunTime:0.000782s ]
INFO: [ app_begin ] --START--
INFO: Run Behavior\ReadHtmlCacheBehavior [ RunTime:0.000978s ]
INFO: [ app_begin ] --END-- [ RunTime:0.001081s ]
SQL: SHOW COLUMNS FROM `tp_article` [ RunTime:0.0034s ]
SQL: SELECT tp1.*,tp2.catename as catename FROM tp_article tp1 left join tp_cate as tp2 on tp1.cateid = tp2.id  WHERE ( tp1.id=53 )  [ RunTime:0.0004s ]
SQL: SELECT * FROM `tp_article` WHERE `id` = 53 LIMIT 1   [ RunTime:0.0003s ]
SQL: SELECT * FROM `tp_article` WHERE ( id>53 ) AND `cateid` = 8 ORDER BY id asc LIMIT 1   [ RunTime:0.0441s ]
SQL: SELECT * FROM `tp_article` WHERE ( id<53 ) AND `cateid` = 8 ORDER BY id desc LIMIT 1   [ RunTime:0.0010s ]
SQL: SHOW COLUMNS FROM `tp_link` [ RunTime:0.0033s ]
SQL: SELECT * FROM `tp_link` WHERE ( sort=0 )  [ RunTime:0.0004s ]
SQL: SELECT * FROM `tp_link` WHERE ( sort=1 )  [ RunTime:0.0005s ]
SQL: SELECT * FROM `tp_link` WHERE ( sort=2 )  [ RunTime:0.0004s ]
SQL: SELECT `id`,`title`,`time` FROM `tp_article` ORDER BY time desc LIMIT 8   [ RunTime:0.0003s ]
INFO: [ view_parse ] --START--
INFO: [ template_filter ] --START--
INFO: Run Behavior\ContentReplaceBehavior [ RunTime:0.000113s ]
INFO: [ template_filter ] --END-- [ RunTime:0.000223s ]
INFO: Run Behavior\ParseTemplateBehavior [ RunTime:0.016046s ]
INFO: [ view_parse ] --END-- [ RunTime:0.016201s ]
INFO: [ view_filter ] --START--
INFO: Run Behavior\WriteHtmlCacheBehavior [ RunTime:0.000773s ]
INFO: [ view_filter ] --END-- [ RunTime:0.000870s ]
INFO: [ app_end ] --START--
INFO: Run Behavior\ShowPageTraceBehavior [ RunTime:0.001001s ]
INFO: [ app_end ] --END-- [ RunTime:0.001148s ]

