[ 2017-02-23T15:28:51+08:00 ] 127.0.0.1 /project/tp_boot/index.php/Home/Article/index.html
ERR: 1064:You have an error in your SQL syntax; check the manual that corresponds to your MariaDB server version for the right syntax to use near ')' at line 1
 [ SQL语句 ] : SELECT tp1.*,tp2.catename as catename FROM tp_article tp1 left join tp_cate as tp2 on tp1.cateid = tp2.id  WHERE ( tp1.id= ) 

[ 2017-02-23T16:13:36+08:00 ] 127.0.0.1 /project/tp_boot/index.php/Home/Article/index.html
ERR: 1064:You have an error in your SQL syntax; check the manual that corresponds to your MariaDB server version for the right syntax to use near ')' at line 1
 [ SQL语句 ] : SELECT tp1.*,tp2.catename as catename FROM tp_article tp1 left join tp_cate as tp2 on tp1.cateid = tp2.id  WHERE ( tp1.id= ) 

[ 2017-02-23T16:14:13+08:00 ] 127.0.0.1 /project/tp_boot/index.php/Home/Article/index.html
ERR: 1064:You have an error in your SQL syntax; check the manual that corresponds to your MariaDB server version for the right syntax to use near ')' at line 1
 [ SQL语句 ] : SELECT tp1.*,tp2.catename as catename FROM tp_article tp1 left join tp_cate as tp2 on tp1.cateid = tp2.id  WHERE ( tp1.id= ) 

[ 2017-02-23T16:14:14+08:00 ] 127.0.0.1 /project/tp_boot/index.php/Home/Article/index.html
ERR: 1064:You have an error in your SQL syntax; check the manual that corresponds to your MariaDB server version for the right syntax to use near ')' at line 1
 [ SQL语句 ] : SELECT tp1.*,tp2.catename as catename FROM tp_article tp1 left join tp_cate as tp2 on tp1.cateid = tp2.id  WHERE ( tp1.id= ) 

[ 2017-02-23T16:14:19+08:00 ] 127.0.0.1 /project/tp_boot/index.php/Home/Article/index.html
ERR: 1064:You have an error in your SQL syntax; check the manual that corresponds to your MariaDB server version for the right syntax to use near ')' at line 1
 [ SQL语句 ] : SELECT tp1.*,tp2.catename as catename FROM tp_article tp1 left join tp_cate as tp2 on tp1.cateid = tp2.id  WHERE ( tp1.id= ) 

[ 2017-02-23T16:14:28+08:00 ] 127.0.0.1 /project/tp_boot/index.php/Home/Article/index.html
ERR: 1064:You have an error in your SQL syntax; check the manual that corresponds to your MariaDB server version for the right syntax to use near ')' at line 1
 [ SQL语句 ] : SELECT tp1.*,tp2.catename as catename FROM tp_article tp1 left join tp_cate as tp2 on tp1.cateid = tp2.id  WHERE ( tp1.id= ) 

[ 2017-02-23T21:38:14+08:00 ] 127.0.0.1 /project/tp_boot/
INFO: [ app_init ] --START--
INFO: Run Behavior\BuildLiteBehavior [ RunTime:0.000022s ]
INFO: [ app_init ] --END-- [ RunTime:0.000675s ]
INFO: [ app_begin ] --START--
INFO: Run Behavior\ReadHtmlCacheBehavior [ RunTime:0.000588s ]
INFO: [ app_begin ] --END-- [ RunTime:0.000692s ]
SQL: SHOW COLUMNS FROM `tp_article` [ RunTime:0.0047s ]
SQL: SELECT COUNT(*) AS tp_count FROM `tp_article` LIMIT 1   [ RunTime:0.0006s ]
SQL: SELECT * FROM `tp_article` ORDER BY time desc LIMIT 0,9   [ RunTime:0.0023s ]
SQL: SELECT `id`,`title`,`desc` FROM `tp_article` LIMIT 6   [ RunTime:0.0008s ]
SQL: SHOW COLUMNS FROM `tp_lunbo` [ RunTime:0.0043s ]
SQL: SELECT `id`,`picture`,`title` FROM `tp_lunbo` LIMIT 5   [ RunTime:0.0004s ]
SQL: SHOW COLUMNS FROM `tp_link` [ RunTime:0.0031s ]
SQL: SELECT * FROM `tp_link` WHERE ( sort=0 )  [ RunTime:0.0005s ]
SQL: SELECT * FROM `tp_link` WHERE ( sort=1 )  [ RunTime:0.0004s ]
SQL: SELECT * FROM `tp_link` WHERE ( sort=2 )  [ RunTime:0.0003s ]
SQL: SELECT COUNT(*) AS tp_count FROM `tp_article` LIMIT 1   [ RunTime:0.0003s ]
SQL: SELECT tp1.*,tp2.catename as catename FROM tp_article tp1 left join tp_cate as tp2 on tp1.cateid = tp2.id  WHERE `catename` = '人生哲理' LIMIT 0,9   [ RunTime:0.0006s ]
SQL: SELECT COUNT(*) AS tp_count FROM `tp_article` LIMIT 1   [ RunTime:0.0003s ]
SQL: SELECT tp1.*,tp2.catename as catename FROM tp_article tp1 left join tp_cate as tp2 on tp1.cateid = tp2.id  WHERE `catename` = '励志文章' LIMIT 0,9   [ RunTime:0.0016s ]
SQL: SELECT COUNT(*) AS tp_count FROM `tp_article` LIMIT 1   [ RunTime:0.0007s ]
SQL: SELECT tp1.*,tp2.catename as catename FROM tp_article tp1 left join tp_cate as tp2 on tp1.cateid = tp2.id  WHERE `catename` = '感情美文' LIMIT 0,9   [ RunTime:0.0015s ]
SQL: SELECT COUNT(*) AS tp_count FROM `tp_article` LIMIT 1   [ RunTime:0.0004s ]
SQL: SELECT tp1.*,tp2.catename as catename FROM tp_article tp1 left join tp_cate as tp2 on tp1.cateid = tp2.id  WHERE `catename` = '金典美文' LIMIT 0,9   [ RunTime:0.0009s ]
SQL: SELECT COUNT(*) AS tp_count FROM `tp_article` LIMIT 1   [ RunTime:0.0002s ]
SQL: SELECT tp1.*,tp2.catename as catename FROM tp_article tp1 left join tp_cate as tp2 on tp1.cateid = tp2.id  WHERE `catename` = '人生感情' LIMIT 0,9   [ RunTime:0.0003s ]
SQL: SELECT `id`,`picture`,`title` FROM `tp_lunbo` ORDER BY time desc LIMIT 1   [ RunTime:0.0002s ]
SQL: SELECT `id`,`title` FROM `tp_lunbo` ORDER BY time desc  [ RunTime:0.0003s ]
SQL: SELECT `id`,`title` FROM `tp_article` ORDER BY time desc LIMIT 1   [ RunTime:0.0005s ]
SQL: SELECT `id`,`title` FROM `tp_article` LIMIT 5   [ RunTime:0.0002s ]
INFO: [ view_parse ] --START--
INFO: [ template_filter ] --START--
INFO: Run Behavior\ContentReplaceBehavior [ RunTime:0.000189s ]
INFO: [ template_filter ] --END-- [ RunTime:0.000358s ]
INFO: Run Behavior\ParseTemplateBehavior [ RunTime:0.031184s ]
INFO: [ view_parse ] --END-- [ RunTime:0.031322s ]
INFO: [ view_filter ] --START--
INFO: Run Behavior\WriteHtmlCacheBehavior [ RunTime:0.000850s ]
INFO: [ view_filter ] --END-- [ RunTime:0.000955s ]
INFO: [ app_end ] --START--
INFO: Run Behavior\ShowPageTraceBehavior [ RunTime:0.001034s ]
INFO: [ app_end ] --END-- [ RunTime:0.001146s ]

[ 2017-02-23T21:38:43+08:00 ] 127.0.0.1 /project/tp_boot/index.php/Home/Index/index.html
INFO: [ app_init ] --START--
INFO: Run Behavior\BuildLiteBehavior [ RunTime:0.000021s ]
INFO: [ app_init ] --END-- [ RunTime:0.000697s ]
INFO: [ app_begin ] --START--
INFO: Run Behavior\ReadHtmlCacheBehavior [ RunTime:0.000916s ]
INFO: [ app_begin ] --END-- [ RunTime:0.001025s ]
SQL: SHOW COLUMNS FROM `tp_article` [ RunTime:0.0035s ]
SQL: SELECT COUNT(*) AS tp_count FROM `tp_article` LIMIT 1   [ RunTime:0.0003s ]
SQL: SELECT * FROM `tp_article` ORDER BY time desc LIMIT 0,9   [ RunTime:0.0014s ]
SQL: SELECT `id`,`title`,`desc` FROM `tp_article` LIMIT 6   [ RunTime:0.0003s ]
SQL: SHOW COLUMNS FROM `tp_lunbo` [ RunTime:0.0034s ]
SQL: SELECT `id`,`picture`,`title` FROM `tp_lunbo` LIMIT 5   [ RunTime:0.0004s ]
SQL: SHOW COLUMNS FROM `tp_link` [ RunTime:0.0048s ]
SQL: SELECT * FROM `tp_link` WHERE ( sort=0 )  [ RunTime:0.0003s ]
SQL: SELECT * FROM `tp_link` WHERE ( sort=1 )  [ RunTime:0.0003s ]
SQL: SELECT * FROM `tp_link` WHERE ( sort=2 )  [ RunTime:0.0003s ]
SQL: SELECT COUNT(*) AS tp_count FROM `tp_article` LIMIT 1   [ RunTime:0.0002s ]
SQL: SELECT tp1.*,tp2.catename as catename FROM tp_article tp1 left join tp_cate as tp2 on tp1.cateid = tp2.id  WHERE `catename` = '人生哲理' LIMIT 0,9   [ RunTime:0.0006s ]
SQL: SELECT COUNT(*) AS tp_count FROM `tp_article` LIMIT 1   [ RunTime:0.0003s ]
SQL: SELECT tp1.*,tp2.catename as catename FROM tp_article tp1 left join tp_cate as tp2 on tp1.cateid = tp2.id  WHERE `catename` = '励志文章' LIMIT 0,9   [ RunTime:0.0007s ]
SQL: SELECT COUNT(*) AS tp_count FROM `tp_article` LIMIT 1   [ RunTime:0.0003s ]
SQL: SELECT tp1.*,tp2.catename as catename FROM tp_article tp1 left join tp_cate as tp2 on tp1.cateid = tp2.id  WHERE `catename` = '感情美文' LIMIT 0,9   [ RunTime:0.0011s ]
SQL: SELECT COUNT(*) AS tp_count FROM `tp_article` LIMIT 1   [ RunTime:0.0005s ]
SQL: SELECT tp1.*,tp2.catename as catename FROM tp_article tp1 left join tp_cate as tp2 on tp1.cateid = tp2.id  WHERE `catename` = '金典美文' LIMIT 0,9   [ RunTime:0.0013s ]
SQL: SELECT COUNT(*) AS tp_count FROM `tp_article` LIMIT 1   [ RunTime:0.0003s ]
SQL: SELECT tp1.*,tp2.catename as catename FROM tp_article tp1 left join tp_cate as tp2 on tp1.cateid = tp2.id  WHERE `catename` = '人生感情' LIMIT 0,9   [ RunTime:0.0003s ]
SQL: SELECT `id`,`picture`,`title` FROM `tp_lunbo` ORDER BY time desc LIMIT 1   [ RunTime:0.0002s ]
SQL: SELECT `id`,`title` FROM `tp_lunbo` ORDER BY time desc  [ RunTime:0.0002s ]
SQL: SELECT `id`,`title` FROM `tp_article` ORDER BY time desc LIMIT 1   [ RunTime:0.0003s ]
SQL: SELECT `id`,`title` FROM `tp_article` LIMIT 5   [ RunTime:0.0003s ]
INFO: [ view_parse ] --START--
INFO: [ template_filter ] --START--
INFO: Run Behavior\ContentReplaceBehavior [ RunTime:0.000184s ]
INFO: [ template_filter ] --END-- [ RunTime:0.000288s ]
INFO: Run Behavior\ParseTemplateBehavior [ RunTime:0.032221s ]
INFO: [ view_parse ] --END-- [ RunTime:0.032331s ]
INFO: [ view_filter ] --START--
INFO: Run Behavior\WriteHtmlCacheBehavior [ RunTime:0.000725s ]
INFO: [ view_filter ] --END-- [ RunTime:0.000817s ]
INFO: [ app_end ] --START--
INFO: Run Behavior\ShowPageTraceBehavior [ RunTime:0.001691s ]
INFO: [ app_end ] --END-- [ RunTime:0.001903s ]

