[ 2017-03-03T10:52:15+08:00 ] 127.0.0.1 /project/tp_boot/
INFO: [ app_init ] --START--
INFO: Run Behavior\BuildLiteBehavior [ RunTime:0.000024s ]
INFO: [ app_init ] --END-- [ RunTime:0.024859s ]
INFO: [ app_begin ] --START--
INFO: Run Behavior\ReadHtmlCacheBehavior [ RunTime:0.001302s ]
INFO: [ app_begin ] --END-- [ RunTime:0.001429s ]
SQL: SHOW COLUMNS FROM `tp_article` [ RunTime:0.0786s ]
SQL: SELECT COUNT(*) AS tp_count FROM `tp_article` LIMIT 1   [ RunTime:0.0023s ]
SQL: SELECT * FROM `tp_article` ORDER BY time desc LIMIT 0,9   [ RunTime:0.0114s ]
SQL: SELECT `id`,`title`,`desc` FROM `tp_article` LIMIT 6   [ RunTime:0.0002s ]
SQL: SHOW COLUMNS FROM `tp_lunbo` [ RunTime:0.0318s ]
SQL: SELECT `id`,`picture`,`title` FROM `tp_lunbo` LIMIT 5   [ RunTime:0.0003s ]
SQL: SHOW COLUMNS FROM `tp_link` [ RunTime:0.0170s ]
SQL: SELECT * FROM `tp_link` WHERE ( sort=0 )  [ RunTime:0.0121s ]
SQL: SELECT * FROM `tp_link` WHERE ( sort=1 )  [ RunTime:0.0003s ]
SQL: SELECT * FROM `tp_link` WHERE ( sort=2 )  [ RunTime:0.0003s ]
SQL: SELECT COUNT(*) AS tp_count FROM `tp_article` LIMIT 1   [ RunTime:0.0005s ]
SQL: SELECT tp1.*,tp2.catename as catename FROM tp_article tp1 left join tp_cate as tp2 on tp1.cateid = tp2.id  WHERE `catename` = '人生哲理' LIMIT 0,9   [ RunTime:0.0331s ]
SQL: SELECT COUNT(*) AS tp_count FROM `tp_article` LIMIT 1   [ RunTime:0.0002s ]
SQL: SELECT tp1.*,tp2.catename as catename FROM tp_article tp1 left join tp_cate as tp2 on tp1.cateid = tp2.id  WHERE `catename` = '励志文章' LIMIT 0,9   [ RunTime:0.0007s ]
SQL: SELECT COUNT(*) AS tp_count FROM `tp_article` LIMIT 1   [ RunTime:0.0002s ]
SQL: SELECT tp1.*,tp2.catename as catename FROM tp_article tp1 left join tp_cate as tp2 on tp1.cateid = tp2.id  WHERE `catename` = '感情美文' LIMIT 0,9   [ RunTime:0.0009s ]
SQL: SELECT COUNT(*) AS tp_count FROM `tp_article` LIMIT 1   [ RunTime:0.0003s ]
SQL: SELECT tp1.*,tp2.catename as catename FROM tp_article tp1 left join tp_cate as tp2 on tp1.cateid = tp2.id  WHERE `catename` = '金典美文' LIMIT 0,9   [ RunTime:0.0011s ]
SQL: SELECT COUNT(*) AS tp_count FROM `tp_article` LIMIT 1   [ RunTime:0.0003s ]
SQL: SELECT tp1.*,tp2.catename as catename FROM tp_article tp1 left join tp_cate as tp2 on tp1.cateid = tp2.id  WHERE `catename` = '人生感情' LIMIT 0,9   [ RunTime:0.0004s ]
SQL: SELECT `id`,`picture`,`title` FROM `tp_lunbo` ORDER BY time desc LIMIT 1   [ RunTime:0.0002s ]
SQL: SELECT `id`,`title` FROM `tp_lunbo` ORDER BY time desc  [ RunTime:0.0002s ]
SQL: SELECT `id`,`title` FROM `tp_article` ORDER BY time desc LIMIT 1   [ RunTime:0.0002s ]
SQL: SELECT `id`,`title` FROM `tp_article` LIMIT 5   [ RunTime:0.0002s ]
INFO: [ view_parse ] --START--
INFO: [ template_filter ] --START--
INFO: Run Behavior\ContentReplaceBehavior [ RunTime:0.013157s ]
INFO: [ template_filter ] --END-- [ RunTime:0.013377s ]
INFO: Run Behavior\ParseTemplateBehavior [ RunTime:0.120930s ]
INFO: [ view_parse ] --END-- [ RunTime:0.121042s ]
INFO: [ view_filter ] --START--
INFO: Run Behavior\WriteHtmlCacheBehavior [ RunTime:0.011205s ]
INFO: [ view_filter ] --END-- [ RunTime:0.011396s ]
INFO: [ app_end ] --START--
INFO: Run Behavior\ShowPageTraceBehavior [ RunTime:0.001292s ]
INFO: [ app_end ] --END-- [ RunTime:0.001399s ]

[ 2017-03-03T11:08:26+08:00 ] 127.0.0.1 /project/tp_boot/
INFO: [ app_init ] --START--
INFO: Run Behavior\BuildLiteBehavior [ RunTime:0.000023s ]
INFO: [ app_init ] --END-- [ RunTime:0.000639s ]
INFO: [ app_begin ] --START--
INFO: Run Behavior\ReadHtmlCacheBehavior [ RunTime:0.000657s ]
INFO: [ app_begin ] --END-- [ RunTime:0.000763s ]
SQL: SHOW COLUMNS FROM `tp_article` [ RunTime:0.0441s ]
SQL: SELECT COUNT(*) AS tp_count FROM `tp_article` LIMIT 1   [ RunTime:0.0004s ]
SQL: SELECT * FROM `tp_article` ORDER BY time desc LIMIT 0,9   [ RunTime:0.0021s ]
SQL: SELECT `id`,`title`,`desc` FROM `tp_article` LIMIT 6   [ RunTime:0.0004s ]
SQL: SHOW COLUMNS FROM `tp_lunbo` [ RunTime:0.0040s ]
SQL: SELECT `id`,`picture`,`title` FROM `tp_lunbo` LIMIT 5   [ RunTime:0.0004s ]
SQL: SHOW COLUMNS FROM `tp_link` [ RunTime:0.0041s ]
SQL: SELECT * FROM `tp_link` WHERE ( sort=0 )  [ RunTime:0.0005s ]
SQL: SELECT * FROM `tp_link` WHERE ( sort=1 )  [ RunTime:0.0004s ]
SQL: SELECT * FROM `tp_link` WHERE ( sort=2 )  [ RunTime:0.0003s ]
SQL: SELECT COUNT(*) AS tp_count FROM `tp_article` LIMIT 1   [ RunTime:0.0005s ]
SQL: SELECT tp1.*,tp2.catename as catename FROM tp_article tp1 left join tp_cate as tp2 on tp1.cateid = tp2.id  WHERE `catename` = '人生哲理' LIMIT 0,9   [ RunTime:0.0009s ]
SQL: SELECT COUNT(*) AS tp_count FROM `tp_article` LIMIT 1   [ RunTime:0.0004s ]
SQL: SELECT tp1.*,tp2.catename as catename FROM tp_article tp1 left join tp_cate as tp2 on tp1.cateid = tp2.id  WHERE `catename` = '励志文章' LIMIT 0,9   [ RunTime:0.0008s ]
SQL: SELECT COUNT(*) AS tp_count FROM `tp_article` LIMIT 1   [ RunTime:0.0003s ]
SQL: SELECT tp1.*,tp2.catename as catename FROM tp_article tp1 left join tp_cate as tp2 on tp1.cateid = tp2.id  WHERE `catename` = '感情美文' LIMIT 0,9   [ RunTime:0.0008s ]
SQL: SELECT COUNT(*) AS tp_count FROM `tp_article` LIMIT 1   [ RunTime:0.0003s ]
SQL: SELECT tp1.*,tp2.catename as catename FROM tp_article tp1 left join tp_cate as tp2 on tp1.cateid = tp2.id  WHERE `catename` = '金典美文' LIMIT 0,9   [ RunTime:0.0008s ]
SQL: SELECT COUNT(*) AS tp_count FROM `tp_article` LIMIT 1   [ RunTime:0.0003s ]
SQL: SELECT tp1.*,tp2.catename as catename FROM tp_article tp1 left join tp_cate as tp2 on tp1.cateid = tp2.id  WHERE `catename` = '人生感情' LIMIT 0,9   [ RunTime:0.0004s ]
SQL: SELECT `id`,`picture`,`title` FROM `tp_lunbo` ORDER BY time desc LIMIT 1   [ RunTime:0.0003s ]
SQL: SELECT `id`,`title` FROM `tp_lunbo` ORDER BY time desc  [ RunTime:0.0003s ]
SQL: SELECT `id`,`title` FROM `tp_article` ORDER BY time desc LIMIT 1   [ RunTime:0.0002s ]
SQL: SELECT `id`,`title` FROM `tp_article` LIMIT 5   [ RunTime:0.0005s ]
INFO: [ view_parse ] --START--
INFO: [ template_filter ] --START--
INFO: Run Behavior\ContentReplaceBehavior [ RunTime:0.000199s ]
INFO: [ template_filter ] --END-- [ RunTime:0.000348s ]
INFO: Run Behavior\ParseTemplateBehavior [ RunTime:0.029716s ]
INFO: [ view_parse ] --END-- [ RunTime:0.029830s ]
INFO: [ view_filter ] --START--
INFO: Run Behavior\WriteHtmlCacheBehavior [ RunTime:0.000542s ]
INFO: [ view_filter ] --END-- [ RunTime:0.000642s ]
INFO: [ app_end ] --START--
INFO: Run Behavior\ShowPageTraceBehavior [ RunTime:0.001007s ]
INFO: [ app_end ] --END-- [ RunTime:0.001131s ]

[ 2017-03-03T13:29:04+08:00 ] 127.0.0.1 /project/tp_boot/
INFO: [ app_init ] --START--
INFO: Run Behavior\BuildLiteBehavior [ RunTime:0.000025s ]
INFO: [ app_init ] --END-- [ RunTime:0.008701s ]
INFO: [ app_begin ] --START--
INFO: Run Behavior\ReadHtmlCacheBehavior [ RunTime:0.001050s ]
INFO: [ app_begin ] --END-- [ RunTime:0.001162s ]
SQL: SHOW COLUMNS FROM `tp_article` [ RunTime:0.0187s ]
SQL: SELECT COUNT(*) AS tp_count FROM `tp_article` LIMIT 1   [ RunTime:0.0006s ]
SQL: SELECT * FROM `tp_article` ORDER BY time desc LIMIT 0,9   [ RunTime:0.0017s ]
SQL: SELECT `id`,`title`,`desc` FROM `tp_article` LIMIT 6   [ RunTime:0.0003s ]
SQL: SHOW COLUMNS FROM `tp_lunbo` [ RunTime:0.0115s ]
SQL: SELECT `id`,`picture`,`title` FROM `tp_lunbo` LIMIT 5   [ RunTime:0.0004s ]
SQL: SHOW COLUMNS FROM `tp_link` [ RunTime:0.0114s ]
SQL: SELECT * FROM `tp_link` WHERE ( sort=0 )  [ RunTime:0.0005s ]
SQL: SELECT * FROM `tp_link` WHERE ( sort=1 )  [ RunTime:0.0005s ]
SQL: SELECT * FROM `tp_link` WHERE ( sort=2 )  [ RunTime:0.0004s ]
SQL: SELECT COUNT(*) AS tp_count FROM `tp_article` LIMIT 1   [ RunTime:0.0005s ]
SQL: SELECT tp1.*,tp2.catename as catename FROM tp_article tp1 left join tp_cate as tp2 on tp1.cateid = tp2.id  WHERE `catename` = '人生哲理' LIMIT 0,9   [ RunTime:0.0010s ]
SQL: SELECT COUNT(*) AS tp_count FROM `tp_article` LIMIT 1   [ RunTime:0.0003s ]
SQL: SELECT tp1.*,tp2.catename as catename FROM tp_article tp1 left join tp_cate as tp2 on tp1.cateid = tp2.id  WHERE `catename` = '励志文章' LIMIT 0,9   [ RunTime:0.0008s ]
SQL: SELECT COUNT(*) AS tp_count FROM `tp_article` LIMIT 1   [ RunTime:0.0003s ]
SQL: SELECT tp1.*,tp2.catename as catename FROM tp_article tp1 left join tp_cate as tp2 on tp1.cateid = tp2.id  WHERE `catename` = '感情美文' LIMIT 0,9   [ RunTime:0.0008s ]
SQL: SELECT COUNT(*) AS tp_count FROM `tp_article` LIMIT 1   [ RunTime:0.0003s ]
SQL: SELECT tp1.*,tp2.catename as catename FROM tp_article tp1 left join tp_cate as tp2 on tp1.cateid = tp2.id  WHERE `catename` = '金典美文' LIMIT 0,9   [ RunTime:0.0010s ]
SQL: SELECT COUNT(*) AS tp_count FROM `tp_article` LIMIT 1   [ RunTime:0.0005s ]
SQL: SELECT tp1.*,tp2.catename as catename FROM tp_article tp1 left join tp_cate as tp2 on tp1.cateid = tp2.id  WHERE `catename` = '人生感情' LIMIT 0,9   [ RunTime:0.0006s ]
SQL: SELECT `id`,`picture`,`title` FROM `tp_lunbo` ORDER BY time desc LIMIT 1   [ RunTime:0.0003s ]
SQL: SELECT `id`,`title` FROM `tp_lunbo` ORDER BY time desc  [ RunTime:0.0003s ]
SQL: SELECT `id`,`title` FROM `tp_article` ORDER BY time desc LIMIT 1   [ RunTime:0.0003s ]
SQL: SELECT `id`,`title` FROM `tp_article` LIMIT 5   [ RunTime:0.0002s ]
INFO: [ view_parse ] --START--
INFO: [ template_filter ] --START--
INFO: Run Behavior\ContentReplaceBehavior [ RunTime:0.000185s ]
INFO: [ template_filter ] --END-- [ RunTime:0.000290s ]
INFO: Run Behavior\ParseTemplateBehavior [ RunTime:0.045982s ]
INFO: [ view_parse ] --END-- [ RunTime:0.046094s ]
INFO: [ view_filter ] --START--
INFO: Run Behavior\WriteHtmlCacheBehavior [ RunTime:0.001193s ]
INFO: [ view_filter ] --END-- [ RunTime:0.001293s ]
INFO: [ app_end ] --START--
INFO: Run Behavior\ShowPageTraceBehavior [ RunTime:0.001363s ]
INFO: [ app_end ] --END-- [ RunTime:0.001511s ]

