[ 2017-05-20T16:44:33+08:00 ] 127.0.0.1 /project/tp_news/index.php/
INFO: [ app_init ] --START--
INFO: Run Behavior\BuildLiteBehavior [ RunTime:0.000020s ]
INFO: [ app_init ] --END-- [ RunTime:0.000482s ]
INFO: [ app_begin ] --START--
INFO: Run Behavior\ReadHtmlCacheBehavior [ RunTime:0.000690s ]
INFO: [ app_begin ] --END-- [ RunTime:0.000806s ]
SQL: SHOW COLUMNS FROM `tp_article` [ RunTime:0.0042s ]
SQL: SELECT COUNT(*) AS tp_count FROM `tp_article` LIMIT 1   [ RunTime:0.0006s ]
SQL: SELECT * FROM `tp_article` ORDER BY time desc LIMIT 0,9   [ RunTime:0.0022s ]
SQL: SELECT `id`,`title`,`desc` FROM `tp_article` LIMIT 6   [ RunTime:0.0005s ]
SQL: SHOW COLUMNS FROM `tp_lunbo` [ RunTime:0.0035s ]
SQL: SELECT `id`,`picture`,`title` FROM `tp_lunbo` LIMIT 5   [ RunTime:0.0004s ]
SQL: SHOW COLUMNS FROM `tp_link` [ RunTime:0.0031s ]
SQL: SELECT * FROM `tp_link` WHERE ( sort=0 )  [ RunTime:0.0004s ]
SQL: SELECT * FROM `tp_link` WHERE ( sort=1 )  [ RunTime:0.0004s ]
SQL: SELECT * FROM `tp_link` WHERE ( sort=2 )  [ RunTime:0.0003s ]
SQL: SELECT COUNT(*) AS tp_count FROM `tp_article` LIMIT 1   [ RunTime:0.0002s ]
SQL: SELECT tp1.*,tp2.catename as catename FROM tp_article tp1 left join tp_cate as tp2 on tp1.cateid = tp2.id  WHERE `catename` = '人生哲理' LIMIT 0,9   [ RunTime:0.0009s ]
SQL: SELECT COUNT(*) AS tp_count FROM `tp_article` LIMIT 1   [ RunTime:0.0003s ]
SQL: SELECT tp1.*,tp2.catename as catename FROM tp_article tp1 left join tp_cate as tp2 on tp1.cateid = tp2.id  WHERE `catename` = '励志文章' LIMIT 0,9   [ RunTime:0.0012s ]
SQL: SELECT COUNT(*) AS tp_count FROM `tp_article` LIMIT 1   [ RunTime:0.0004s ]
SQL: SELECT tp1.*,tp2.catename as catename FROM tp_article tp1 left join tp_cate as tp2 on tp1.cateid = tp2.id  WHERE `catename` = '感情美文' LIMIT 0,9   [ RunTime:0.0008s ]
SQL: SELECT COUNT(*) AS tp_count FROM `tp_article` LIMIT 1   [ RunTime:0.0002s ]
SQL: SELECT tp1.*,tp2.catename as catename FROM tp_article tp1 left join tp_cate as tp2 on tp1.cateid = tp2.id  WHERE `catename` = '金典美文' LIMIT 0,9   [ RunTime:0.0007s ]
SQL: SELECT COUNT(*) AS tp_count FROM `tp_article` LIMIT 1   [ RunTime:0.0002s ]
SQL: SELECT tp1.*,tp2.catename as catename FROM tp_article tp1 left join tp_cate as tp2 on tp1.cateid = tp2.id  WHERE `catename` = '人生感情' LIMIT 0,9   [ RunTime:0.0003s ]
SQL: SELECT `id`,`picture`,`title` FROM `tp_lunbo` ORDER BY time desc LIMIT 1   [ RunTime:0.0003s ]
SQL: SELECT `id`,`title` FROM `tp_lunbo` ORDER BY time desc  [ RunTime:0.0003s ]
SQL: SELECT `id`,`title` FROM `tp_article` ORDER BY time desc LIMIT 1   [ RunTime:0.0004s ]
SQL: SELECT `id`,`title` FROM `tp_article` LIMIT 5   [ RunTime:0.0003s ]
INFO: [ view_parse ] --START--
INFO: [ template_filter ] --START--
INFO: Run Behavior\ContentReplaceBehavior [ RunTime:0.000156s ]
INFO: [ template_filter ] --END-- [ RunTime:0.000271s ]
INFO: Run Behavior\ParseTemplateBehavior [ RunTime:0.044087s ]
INFO: [ view_parse ] --END-- [ RunTime:0.044199s ]
INFO: [ view_filter ] --START--
INFO: Run Behavior\WriteHtmlCacheBehavior [ RunTime:0.000451s ]
INFO: [ view_filter ] --END-- [ RunTime:0.000565s ]
INFO: [ app_end ] --START--
INFO: Run Behavior\ShowPageTraceBehavior [ RunTime:0.000746s ]
INFO: [ app_end ] --END-- [ RunTime:0.000848s ]

[ 2017-05-20T16:48:54+08:00 ] 127.0.0.1 /project/tp_news/index.php/
INFO: [ app_init ] --START--
INFO: Run Behavior\BuildLiteBehavior [ RunTime:0.000024s ]
INFO: [ app_init ] --END-- [ RunTime:0.000982s ]
INFO: [ app_begin ] --START--
INFO: Run Behavior\ReadHtmlCacheBehavior [ RunTime:0.000710s ]
INFO: [ app_begin ] --END-- [ RunTime:0.000821s ]
SQL: SHOW COLUMNS FROM `tp_article` [ RunTime:0.0034s ]
SQL: SELECT COUNT(*) AS tp_count FROM `tp_article` LIMIT 1   [ RunTime:0.0003s ]
SQL: SELECT * FROM `tp_article` ORDER BY time desc LIMIT 0,9   [ RunTime:0.0023s ]
SQL: SELECT `id`,`title`,`desc` FROM `tp_article` LIMIT 6   [ RunTime:0.0004s ]
SQL: SHOW COLUMNS FROM `tp_lunbo` [ RunTime:0.0041s ]
SQL: SELECT `id`,`picture`,`title` FROM `tp_lunbo` LIMIT 5   [ RunTime:0.0005s ]
SQL: SHOW COLUMNS FROM `tp_link` [ RunTime:0.0036s ]
SQL: SELECT * FROM `tp_link` WHERE ( sort=0 )  [ RunTime:0.0006s ]
SQL: SELECT * FROM `tp_link` WHERE ( sort=1 )  [ RunTime:0.0006s ]
SQL: SELECT * FROM `tp_link` WHERE ( sort=2 )  [ RunTime:0.0003s ]
SQL: SELECT COUNT(*) AS tp_count FROM `tp_article` LIMIT 1   [ RunTime:0.0003s ]
SQL: SELECT tp1.*,tp2.catename as catename FROM tp_article tp1 left join tp_cate as tp2 on tp1.cateid = tp2.id  WHERE `catename` = '人生哲理' LIMIT 0,9   [ RunTime:0.0006s ]
SQL: SELECT COUNT(*) AS tp_count FROM `tp_article` LIMIT 1   [ RunTime:0.0003s ]
SQL: SELECT tp1.*,tp2.catename as catename FROM tp_article tp1 left join tp_cate as tp2 on tp1.cateid = tp2.id  WHERE `catename` = '励志文章' LIMIT 0,9   [ RunTime:0.0008s ]
SQL: SELECT COUNT(*) AS tp_count FROM `tp_article` LIMIT 1   [ RunTime:0.0004s ]
SQL: SELECT tp1.*,tp2.catename as catename FROM tp_article tp1 left join tp_cate as tp2 on tp1.cateid = tp2.id  WHERE `catename` = '感情美文' LIMIT 0,9   [ RunTime:0.0014s ]
SQL: SELECT COUNT(*) AS tp_count FROM `tp_article` LIMIT 1   [ RunTime:0.0006s ]
SQL: SELECT tp1.*,tp2.catename as catename FROM tp_article tp1 left join tp_cate as tp2 on tp1.cateid = tp2.id  WHERE `catename` = '金典美文' LIMIT 0,9   [ RunTime:0.0010s ]
SQL: SELECT COUNT(*) AS tp_count FROM `tp_article` LIMIT 1   [ RunTime:0.0004s ]
SQL: SELECT tp1.*,tp2.catename as catename FROM tp_article tp1 left join tp_cate as tp2 on tp1.cateid = tp2.id  WHERE `catename` = '人生感情' LIMIT 0,9   [ RunTime:0.0007s ]
SQL: SELECT `id`,`picture`,`title` FROM `tp_lunbo` ORDER BY time desc LIMIT 1   [ RunTime:0.0003s ]
SQL: SELECT `id`,`title` FROM `tp_lunbo` ORDER BY time desc  [ RunTime:0.0003s ]
SQL: SELECT `id`,`title` FROM `tp_article` ORDER BY time desc LIMIT 1   [ RunTime:0.0003s ]
SQL: SELECT `id`,`title` FROM `tp_article` LIMIT 5   [ RunTime:0.0002s ]
INFO: [ view_parse ] --START--
INFO: [ template_filter ] --START--
INFO: Run Behavior\ContentReplaceBehavior [ RunTime:0.000201s ]
INFO: [ template_filter ] --END-- [ RunTime:0.000381s ]
INFO: Run Behavior\ParseTemplateBehavior [ RunTime:0.032846s ]
INFO: [ view_parse ] --END-- [ RunTime:0.032958s ]
INFO: [ view_filter ] --START--
INFO: Run Behavior\WriteHtmlCacheBehavior [ RunTime:0.000486s ]
INFO: [ view_filter ] --END-- [ RunTime:0.000581s ]
INFO: [ app_end ] --START--
INFO: Run Behavior\ShowPageTraceBehavior [ RunTime:0.000833s ]
INFO: [ app_end ] --END-- [ RunTime:0.000963s ]

[ 2017-05-20T16:51:05+08:00 ] 127.0.0.1 /project/tp_news/index.php/Home/article/index/id/48
INFO: [ app_init ] --START--
INFO: Run Behavior\BuildLiteBehavior [ RunTime:0.000022s ]
INFO: [ app_init ] --END-- [ RunTime:0.000539s ]
INFO: [ app_begin ] --START--
INFO: Run Behavior\ReadHtmlCacheBehavior [ RunTime:0.000549s ]
INFO: [ app_begin ] --END-- [ RunTime:0.000649s ]
SQL: SHOW COLUMNS FROM `tp_article` [ RunTime:0.0043s ]
SQL: SELECT tp1.*,tp2.catename as catename FROM tp_article tp1 left join tp_cate as tp2 on tp1.cateid = tp2.id  WHERE ( tp1.id=48 )  [ RunTime:0.0008s ]
SQL: SELECT * FROM `tp_article` WHERE `id` = 48 LIMIT 1   [ RunTime:0.0008s ]
SQL: SELECT * FROM `tp_article` WHERE ( id>48 ) AND `cateid` = 7 ORDER BY id asc LIMIT 1   [ RunTime:0.0006s ]
SQL: SELECT * FROM `tp_article` WHERE ( id<48 ) AND `cateid` = 7 ORDER BY id desc LIMIT 1   [ RunTime:0.0004s ]
SQL: SHOW COLUMNS FROM `tp_link` [ RunTime:0.0032s ]
SQL: SELECT * FROM `tp_link` WHERE ( sort=0 )  [ RunTime:0.0004s ]
SQL: SELECT * FROM `tp_link` WHERE ( sort=1 )  [ RunTime:0.0004s ]
SQL: SELECT * FROM `tp_link` WHERE ( sort=2 )  [ RunTime:0.0003s ]
SQL: SELECT `id`,`title`,`time` FROM `tp_article` ORDER BY time desc LIMIT 8   [ RunTime:0.0003s ]
INFO: [ view_parse ] --START--
INFO: [ template_filter ] --START--
INFO: Run Behavior\ContentReplaceBehavior [ RunTime:0.000205s ]
INFO: [ template_filter ] --END-- [ RunTime:0.000331s ]
INFO: Run Behavior\ParseTemplateBehavior [ RunTime:0.032925s ]
INFO: [ view_parse ] --END-- [ RunTime:0.033046s ]
INFO: [ view_filter ] --START--
INFO: Run Behavior\WriteHtmlCacheBehavior [ RunTime:0.000519s ]
INFO: [ view_filter ] --END-- [ RunTime:0.000614s ]
INFO: [ app_end ] --START--
INFO: Run Behavior\ShowPageTraceBehavior [ RunTime:0.000764s ]
INFO: [ app_end ] --END-- [ RunTime:0.000888s ]

[ 2017-05-20T17:23:05+08:00 ] 127.0.0.1 /project/tp_news/index.php
INFO: [ app_init ] --START--
INFO: Run Behavior\BuildLiteBehavior [ RunTime:0.000031s ]
INFO: [ app_init ] --END-- [ RunTime:0.000839s ]
INFO: [ app_begin ] --START--
INFO: Run Behavior\ReadHtmlCacheBehavior [ RunTime:0.000628s ]
INFO: [ app_begin ] --END-- [ RunTime:0.000740s ]
SQL: SHOW COLUMNS FROM `tp_article` [ RunTime:0.0038s ]
SQL: SELECT COUNT(*) AS tp_count FROM `tp_article` LIMIT 1   [ RunTime:0.0006s ]
SQL: SELECT * FROM `tp_article` ORDER BY time desc LIMIT 0,9   [ RunTime:0.0022s ]
SQL: SELECT `id`,`title`,`desc` FROM `tp_article` LIMIT 6   [ RunTime:0.0004s ]
SQL: SHOW COLUMNS FROM `tp_lunbo` [ RunTime:0.0036s ]
SQL: SELECT `id`,`picture`,`title` FROM `tp_lunbo` LIMIT 5   [ RunTime:0.0005s ]
SQL: SHOW COLUMNS FROM `tp_link` [ RunTime:0.0033s ]
SQL: SELECT * FROM `tp_link` WHERE ( sort=0 )  [ RunTime:0.0008s ]
SQL: SELECT * FROM `tp_link` WHERE ( sort=1 )  [ RunTime:0.0005s ]
SQL: SELECT * FROM `tp_link` WHERE ( sort=2 )  [ RunTime:0.0008s ]
SQL: SELECT COUNT(*) AS tp_count FROM `tp_article` LIMIT 1   [ RunTime:0.0004s ]
SQL: SELECT tp1.*,tp2.catename as catename FROM tp_article tp1 left join tp_cate as tp2 on tp1.cateid = tp2.id  WHERE `catename` = '人生哲理' LIMIT 0,9   [ RunTime:0.0007s ]
SQL: SELECT COUNT(*) AS tp_count FROM `tp_article` LIMIT 1   [ RunTime:0.0003s ]
SQL: SELECT tp1.*,tp2.catename as catename FROM tp_article tp1 left join tp_cate as tp2 on tp1.cateid = tp2.id  WHERE `catename` = '励志文章' LIMIT 0,9   [ RunTime:0.0007s ]
SQL: SELECT COUNT(*) AS tp_count FROM `tp_article` LIMIT 1   [ RunTime:0.0002s ]
SQL: SELECT tp1.*,tp2.catename as catename FROM tp_article tp1 left join tp_cate as tp2 on tp1.cateid = tp2.id  WHERE `catename` = '感情美文' LIMIT 0,9   [ RunTime:0.0009s ]
SQL: SELECT COUNT(*) AS tp_count FROM `tp_article` LIMIT 1   [ RunTime:0.0003s ]
SQL: SELECT tp1.*,tp2.catename as catename FROM tp_article tp1 left join tp_cate as tp2 on tp1.cateid = tp2.id  WHERE `catename` = '金典美文' LIMIT 0,9   [ RunTime:0.0007s ]
SQL: SELECT COUNT(*) AS tp_count FROM `tp_article` LIMIT 1   [ RunTime:0.0003s ]
SQL: SELECT tp1.*,tp2.catename as catename FROM tp_article tp1 left join tp_cate as tp2 on tp1.cateid = tp2.id  WHERE `catename` = '人生感情' LIMIT 0,9   [ RunTime:0.0004s ]
SQL: SELECT `id`,`picture`,`title` FROM `tp_lunbo` ORDER BY time desc LIMIT 1   [ RunTime:0.0003s ]
SQL: SELECT `id`,`title` FROM `tp_lunbo` ORDER BY time desc  [ RunTime:0.0003s ]
SQL: SELECT `id`,`title` FROM `tp_article` ORDER BY time desc LIMIT 1   [ RunTime:0.0003s ]
SQL: SELECT `id`,`title` FROM `tp_article` LIMIT 5   [ RunTime:0.0002s ]
INFO: [ view_parse ] --START--
INFO: [ template_filter ] --START--
INFO: Run Behavior\ContentReplaceBehavior [ RunTime:0.000223s ]
INFO: [ template_filter ] --END-- [ RunTime:0.000331s ]
INFO: Run Behavior\ParseTemplateBehavior [ RunTime:0.031635s ]
INFO: [ view_parse ] --END-- [ RunTime:0.031758s ]
INFO: [ view_filter ] --START--
INFO: Run Behavior\WriteHtmlCacheBehavior [ RunTime:0.000424s ]
INFO: [ view_filter ] --END-- [ RunTime:0.000518s ]
INFO: [ app_end ] --START--
INFO: Run Behavior\ShowPageTraceBehavior [ RunTime:0.000861s ]
INFO: [ app_end ] --END-- [ RunTime:0.001020s ]

[ 2017-05-20T19:36:51+08:00 ] 127.0.0.1 /project/tp_news/index.php/Home/article/index/id/51
INFO: [ app_init ] --START--
INFO: Run Behavior\BuildLiteBehavior [ RunTime:0.000024s ]
INFO: [ app_init ] --END-- [ RunTime:0.000752s ]
INFO: [ app_begin ] --START--
INFO: Run Behavior\ReadHtmlCacheBehavior [ RunTime:0.000882s ]
INFO: [ app_begin ] --END-- [ RunTime:0.000995s ]
SQL: SHOW COLUMNS FROM `tp_article` [ RunTime:0.0042s ]
SQL: SELECT tp1.*,tp2.catename as catename FROM tp_article tp1 left join tp_cate as tp2 on tp1.cateid = tp2.id  WHERE ( tp1.id=51 )  [ RunTime:0.0008s ]
SQL: SELECT * FROM `tp_article` WHERE `id` = 51 LIMIT 1   [ RunTime:0.0003s ]
SQL: SELECT * FROM `tp_article` WHERE ( id>51 ) AND `cateid` = 10 ORDER BY id asc LIMIT 1   [ RunTime:0.0006s ]
SQL: SELECT * FROM `tp_article` WHERE ( id<51 ) AND `cateid` = 10 ORDER BY id desc LIMIT 1   [ RunTime:0.0005s ]
SQL: SHOW COLUMNS FROM `tp_link` [ RunTime:0.0038s ]
SQL: SELECT * FROM `tp_link` WHERE ( sort=0 )  [ RunTime:0.0004s ]
SQL: SELECT * FROM `tp_link` WHERE ( sort=1 )  [ RunTime:0.0003s ]
SQL: SELECT * FROM `tp_link` WHERE ( sort=2 )  [ RunTime:0.0003s ]
SQL: SELECT `id`,`title`,`time` FROM `tp_article` ORDER BY time desc LIMIT 8   [ RunTime:0.0004s ]
INFO: [ view_parse ] --START--
INFO: [ template_filter ] --START--
INFO: Run Behavior\ContentReplaceBehavior [ RunTime:0.000099s ]
INFO: [ template_filter ] --END-- [ RunTime:0.000244s ]
INFO: Run Behavior\ParseTemplateBehavior [ RunTime:0.016350s ]
INFO: [ view_parse ] --END-- [ RunTime:0.016579s ]
INFO: [ view_filter ] --START--
INFO: Run Behavior\WriteHtmlCacheBehavior [ RunTime:0.000666s ]
INFO: [ view_filter ] --END-- [ RunTime:0.000850s ]
INFO: [ app_end ] --START--
INFO: Run Behavior\ShowPageTraceBehavior [ RunTime:0.001054s ]
INFO: [ app_end ] --END-- [ RunTime:0.001305s ]

[ 2017-05-20T19:42:16+08:00 ] 127.0.0.1 /project/tp_news/index.php
INFO: [ app_init ] --START--
INFO: Run Behavior\BuildLiteBehavior [ RunTime:0.000023s ]
INFO: [ app_init ] --END-- [ RunTime:0.000588s ]
INFO: [ app_begin ] --START--
INFO: Run Behavior\ReadHtmlCacheBehavior [ RunTime:0.000801s ]
INFO: [ app_begin ] --END-- [ RunTime:0.000977s ]
SQL: SHOW COLUMNS FROM `tp_article` [ RunTime:0.0036s ]
SQL: SELECT COUNT(*) AS tp_count FROM `tp_article` LIMIT 1   [ RunTime:0.0004s ]
SQL: SELECT * FROM `tp_article` ORDER BY time desc LIMIT 0,9   [ RunTime:0.0020s ]
SQL: SELECT `id`,`title`,`desc` FROM `tp_article` LIMIT 6   [ RunTime:0.0003s ]
SQL: SHOW COLUMNS FROM `tp_lunbo` [ RunTime:0.0045s ]
SQL: SELECT `id`,`picture`,`title` FROM `tp_lunbo` LIMIT 5   [ RunTime:0.0007s ]
SQL: SHOW COLUMNS FROM `tp_link` [ RunTime:0.0040s ]
SQL: SELECT * FROM `tp_link` WHERE ( sort=0 )  [ RunTime:0.0003s ]
SQL: SELECT * FROM `tp_link` WHERE ( sort=1 )  [ RunTime:0.0005s ]
SQL: SELECT * FROM `tp_link` WHERE ( sort=2 )  [ RunTime:0.0004s ]
SQL: SELECT COUNT(*) AS tp_count FROM `tp_article` LIMIT 1   [ RunTime:0.0003s ]
SQL: SELECT tp1.*,tp2.catename as catename FROM tp_article tp1 left join tp_cate as tp2 on tp1.cateid = tp2.id  WHERE `catename` = '人生哲理' LIMIT 0,9   [ RunTime:0.0005s ]
SQL: SELECT COUNT(*) AS tp_count FROM `tp_article` LIMIT 1   [ RunTime:0.0002s ]
SQL: SELECT tp1.*,tp2.catename as catename FROM tp_article tp1 left join tp_cate as tp2 on tp1.cateid = tp2.id  WHERE `catename` = '励志文章' LIMIT 0,9   [ RunTime:0.0008s ]
SQL: SELECT COUNT(*) AS tp_count FROM `tp_article` LIMIT 1   [ RunTime:0.0003s ]
SQL: SELECT tp1.*,tp2.catename as catename FROM tp_article tp1 left join tp_cate as tp2 on tp1.cateid = tp2.id  WHERE `catename` = '感情美文' LIMIT 0,9   [ RunTime:0.0009s ]
SQL: SELECT COUNT(*) AS tp_count FROM `tp_article` LIMIT 1   [ RunTime:0.0005s ]
SQL: SELECT tp1.*,tp2.catename as catename FROM tp_article tp1 left join tp_cate as tp2 on tp1.cateid = tp2.id  WHERE `catename` = '金典美文' LIMIT 0,9   [ RunTime:0.0015s ]
SQL: SELECT COUNT(*) AS tp_count FROM `tp_article` LIMIT 1   [ RunTime:0.0007s ]
SQL: SELECT tp1.*,tp2.catename as catename FROM tp_article tp1 left join tp_cate as tp2 on tp1.cateid = tp2.id  WHERE `catename` = '人生感情' LIMIT 0,9   [ RunTime:0.0157s ]
SQL: SELECT `id`,`picture`,`title` FROM `tp_lunbo` ORDER BY time desc LIMIT 1   [ RunTime:0.0005s ]
SQL: SELECT `id`,`title` FROM `tp_lunbo` ORDER BY time desc  [ RunTime:0.0003s ]
SQL: SELECT `id`,`title` FROM `tp_article` ORDER BY time desc LIMIT 1   [ RunTime:0.0003s ]
SQL: SELECT `id`,`title` FROM `tp_article` LIMIT 5   [ RunTime:0.0003s ]
INFO: [ view_parse ] --START--
INFO: [ template_filter ] --START--
INFO: Run Behavior\ContentReplaceBehavior [ RunTime:0.000180s ]
INFO: [ template_filter ] --END-- [ RunTime:0.000379s ]
INFO: Run Behavior\ParseTemplateBehavior [ RunTime:0.031162s ]
INFO: [ view_parse ] --END-- [ RunTime:0.031315s ]
INFO: [ view_filter ] --START--
INFO: Run Behavior\WriteHtmlCacheBehavior [ RunTime:0.000444s ]
INFO: [ view_filter ] --END-- [ RunTime:0.000539s ]
INFO: [ app_end ] --START--
INFO: Run Behavior\ShowPageTraceBehavior [ RunTime:0.000773s ]
INFO: [ app_end ] --END-- [ RunTime:0.000890s ]

[ 2017-05-20T19:43:43+08:00 ] 127.0.0.1 /project/tp_news/index.php/Home/article/index/id/50
INFO: [ app_init ] --START--
INFO: Run Behavior\BuildLiteBehavior [ RunTime:0.000021s ]
INFO: [ app_init ] --END-- [ RunTime:0.000571s ]
INFO: [ app_begin ] --START--
INFO: Run Behavior\ReadHtmlCacheBehavior [ RunTime:0.000584s ]
INFO: [ app_begin ] --END-- [ RunTime:0.000682s ]
SQL: SHOW COLUMNS FROM `tp_article` [ RunTime:0.0043s ]
SQL: SELECT tp1.*,tp2.catename as catename FROM tp_article tp1 left join tp_cate as tp2 on tp1.cateid = tp2.id  WHERE ( tp1.id=50 )  [ RunTime:0.0007s ]
SQL: SELECT * FROM `tp_article` WHERE `id` = 50 LIMIT 1   [ RunTime:0.0005s ]
SQL: SELECT * FROM `tp_article` WHERE ( id>50 ) AND `cateid` = 10 ORDER BY id asc LIMIT 1   [ RunTime:0.0004s ]
SQL: SELECT * FROM `tp_article` WHERE ( id<50 ) AND `cateid` = 10 ORDER BY id desc LIMIT 1   [ RunTime:0.0003s ]
SQL: SHOW COLUMNS FROM `tp_link` [ RunTime:0.0040s ]
SQL: SELECT * FROM `tp_link` WHERE ( sort=0 )  [ RunTime:0.0004s ]
SQL: SELECT * FROM `tp_link` WHERE ( sort=1 )  [ RunTime:0.0003s ]
SQL: SELECT * FROM `tp_link` WHERE ( sort=2 )  [ RunTime:0.0003s ]
SQL: SELECT `id`,`title`,`time` FROM `tp_article` ORDER BY time desc LIMIT 8   [ RunTime:0.0003s ]
INFO: [ view_parse ] --START--
INFO: [ template_filter ] --START--
INFO: Run Behavior\ContentReplaceBehavior [ RunTime:0.000097s ]
INFO: [ template_filter ] --END-- [ RunTime:0.000240s ]
INFO: Run Behavior\ParseTemplateBehavior [ RunTime:0.015292s ]
INFO: [ view_parse ] --END-- [ RunTime:0.015446s ]
INFO: [ view_filter ] --START--
INFO: Run Behavior\WriteHtmlCacheBehavior [ RunTime:0.000506s ]
INFO: [ view_filter ] --END-- [ RunTime:0.000657s ]
INFO: [ app_end ] --START--
INFO: Run Behavior\ShowPageTraceBehavior [ RunTime:0.000882s ]
INFO: [ app_end ] --END-- [ RunTime:0.001004s ]

[ 2017-05-20T19:43:48+08:00 ] 127.0.0.1 /project/tp_news/index.php/Home/article/index/id/48
INFO: [ app_init ] --START--
INFO: Run Behavior\BuildLiteBehavior [ RunTime:0.000022s ]
INFO: [ app_init ] --END-- [ RunTime:0.000586s ]
INFO: [ app_begin ] --START--
INFO: Run Behavior\ReadHtmlCacheBehavior [ RunTime:0.000498s ]
INFO: [ app_begin ] --END-- [ RunTime:0.000598s ]
SQL: SHOW COLUMNS FROM `tp_article` [ RunTime:0.0046s ]
SQL: SELECT tp1.*,tp2.catename as catename FROM tp_article tp1 left join tp_cate as tp2 on tp1.cateid = tp2.id  WHERE ( tp1.id=48 )  [ RunTime:0.0005s ]
SQL: SELECT * FROM `tp_article` WHERE `id` = 48 LIMIT 1   [ RunTime:0.0005s ]
SQL: SELECT * FROM `tp_article` WHERE ( id>48 ) AND `cateid` = 7 ORDER BY id asc LIMIT 1   [ RunTime:0.0004s ]
SQL: SELECT * FROM `tp_article` WHERE ( id<48 ) AND `cateid` = 7 ORDER BY id desc LIMIT 1   [ RunTime:0.0005s ]
SQL: SHOW COLUMNS FROM `tp_link` [ RunTime:0.0032s ]
SQL: SELECT * FROM `tp_link` WHERE ( sort=0 )  [ RunTime:0.0003s ]
SQL: SELECT * FROM `tp_link` WHERE ( sort=1 )  [ RunTime:0.0004s ]
SQL: SELECT * FROM `tp_link` WHERE ( sort=2 )  [ RunTime:0.0003s ]
SQL: SELECT `id`,`title`,`time` FROM `tp_article` ORDER BY time desc LIMIT 8   [ RunTime:0.0003s ]
INFO: [ view_parse ] --START--
INFO: [ template_filter ] --START--
INFO: Run Behavior\ContentReplaceBehavior [ RunTime:0.000092s ]
INFO: [ template_filter ] --END-- [ RunTime:0.000195s ]
INFO: Run Behavior\ParseTemplateBehavior [ RunTime:0.014907s ]
INFO: [ view_parse ] --END-- [ RunTime:0.015016s ]
INFO: [ view_filter ] --START--
INFO: Run Behavior\WriteHtmlCacheBehavior [ RunTime:0.000404s ]
INFO: [ view_filter ] --END-- [ RunTime:0.000500s ]
INFO: [ app_end ] --START--
INFO: Run Behavior\ShowPageTraceBehavior [ RunTime:0.000652s ]
INFO: [ app_end ] --END-- [ RunTime:0.000758s ]

[ 2017-05-20T19:43:50+08:00 ] 127.0.0.1 /project/tp_news/index.php/Home/article/index/id/47
INFO: [ app_init ] --START--
INFO: Run Behavior\BuildLiteBehavior [ RunTime:0.000021s ]
INFO: [ app_init ] --END-- [ RunTime:0.000513s ]
INFO: [ app_begin ] --START--
INFO: Run Behavior\ReadHtmlCacheBehavior [ RunTime:0.000504s ]
INFO: [ app_begin ] --END-- [ RunTime:0.000649s ]
SQL: SHOW COLUMNS FROM `tp_article` [ RunTime:0.0049s ]
SQL: SELECT tp1.*,tp2.catename as catename FROM tp_article tp1 left join tp_cate as tp2 on tp1.cateid = tp2.id  WHERE ( tp1.id=47 )  [ RunTime:0.0014s ]
SQL: SELECT * FROM `tp_article` WHERE `id` = 47 LIMIT 1   [ RunTime:0.0010s ]
SQL: SELECT * FROM `tp_article` WHERE ( id>47 ) AND `cateid` = 8 ORDER BY id asc LIMIT 1   [ RunTime:0.0008s ]
SQL: SELECT * FROM `tp_article` WHERE ( id<47 ) AND `cateid` = 8 ORDER BY id desc LIMIT 1   [ RunTime:0.0006s ]
SQL: SHOW COLUMNS FROM `tp_link` [ RunTime:0.0049s ]
SQL: SELECT * FROM `tp_link` WHERE ( sort=0 )  [ RunTime:0.0004s ]
SQL: SELECT * FROM `tp_link` WHERE ( sort=1 )  [ RunTime:0.0005s ]
SQL: SELECT * FROM `tp_link` WHERE ( sort=2 )  [ RunTime:0.0004s ]
SQL: SELECT `id`,`title`,`time` FROM `tp_article` ORDER BY time desc LIMIT 8   [ RunTime:0.0005s ]
INFO: [ view_parse ] --START--
INFO: [ template_filter ] --START--
INFO: Run Behavior\ContentReplaceBehavior [ RunTime:0.000216s ]
INFO: [ template_filter ] --END-- [ RunTime:0.000464s ]
INFO: Run Behavior\ParseTemplateBehavior [ RunTime:0.018409s ]
INFO: [ view_parse ] --END-- [ RunTime:0.018535s ]
INFO: [ view_filter ] --START--
INFO: Run Behavior\WriteHtmlCacheBehavior [ RunTime:0.000517s ]
INFO: [ view_filter ] --END-- [ RunTime:0.000615s ]
INFO: [ app_end ] --START--
INFO: Run Behavior\ShowPageTraceBehavior [ RunTime:0.000676s ]
INFO: [ app_end ] --END-- [ RunTime:0.000833s ]

[ 2017-05-20T19:43:53+08:00 ] 127.0.0.1 /project/tp_news/index.php/Home/article/index/id/44
INFO: [ app_init ] --START--
INFO: Run Behavior\BuildLiteBehavior [ RunTime:0.000073s ]
INFO: [ app_init ] --END-- [ RunTime:0.001054s ]
INFO: [ app_begin ] --START--
INFO: Run Behavior\ReadHtmlCacheBehavior [ RunTime:0.000572s ]
INFO: [ app_begin ] --END-- [ RunTime:0.000701s ]
SQL: SHOW COLUMNS FROM `tp_article` [ RunTime:0.0040s ]
SQL: SELECT tp1.*,tp2.catename as catename FROM tp_article tp1 left join tp_cate as tp2 on tp1.cateid = tp2.id  WHERE ( tp1.id=44 )  [ RunTime:0.0008s ]
SQL: SELECT * FROM `tp_article` WHERE `id` = 44 LIMIT 1   [ RunTime:0.0005s ]
SQL: SELECT * FROM `tp_article` WHERE ( id>44 ) AND `cateid` = 8 ORDER BY id asc LIMIT 1   [ RunTime:0.0006s ]
SQL: SELECT * FROM `tp_article` WHERE ( id<44 ) AND `cateid` = 8 ORDER BY id desc LIMIT 1   [ RunTime:0.0003s ]
SQL: SHOW COLUMNS FROM `tp_link` [ RunTime:0.0172s ]
SQL: SELECT * FROM `tp_link` WHERE ( sort=0 )  [ RunTime:0.0004s ]
SQL: SELECT * FROM `tp_link` WHERE ( sort=1 )  [ RunTime:0.0004s ]
SQL: SELECT * FROM `tp_link` WHERE ( sort=2 )  [ RunTime:0.0003s ]
SQL: SELECT `id`,`title`,`time` FROM `tp_article` ORDER BY time desc LIMIT 8   [ RunTime:0.0002s ]
INFO: [ view_parse ] --START--
INFO: [ template_filter ] --START--
INFO: Run Behavior\ContentReplaceBehavior [ RunTime:0.000135s ]
INFO: [ template_filter ] --END-- [ RunTime:0.000262s ]
INFO: Run Behavior\ParseTemplateBehavior [ RunTime:0.014128s ]
INFO: [ view_parse ] --END-- [ RunTime:0.014249s ]
INFO: [ view_filter ] --START--
INFO: Run Behavior\WriteHtmlCacheBehavior [ RunTime:0.000421s ]
INFO: [ view_filter ] --END-- [ RunTime:0.000529s ]
INFO: [ app_end ] --START--
INFO: Run Behavior\ShowPageTraceBehavior [ RunTime:0.000692s ]
INFO: [ app_end ] --END-- [ RunTime:0.000857s ]

[ 2017-05-20T19:43:55+08:00 ] 127.0.0.1 /project/tp_news/index.php/Home/article/index/id/51
INFO: [ app_init ] --START--
INFO: Run Behavior\BuildLiteBehavior [ RunTime:0.000020s ]
INFO: [ app_init ] --END-- [ RunTime:0.000501s ]
INFO: [ app_begin ] --START--
INFO: Run Behavior\ReadHtmlCacheBehavior [ RunTime:0.001028s ]
INFO: [ app_begin ] --END-- [ RunTime:0.001202s ]
SQL: SHOW COLUMNS FROM `tp_article` [ RunTime:0.0040s ]
SQL: SELECT tp1.*,tp2.catename as catename FROM tp_article tp1 left join tp_cate as tp2 on tp1.cateid = tp2.id  WHERE ( tp1.id=51 )  [ RunTime:0.0007s ]
SQL: SELECT * FROM `tp_article` WHERE `id` = 51 LIMIT 1   [ RunTime:0.0007s ]
SQL: SELECT * FROM `tp_article` WHERE ( id>51 ) AND `cateid` = 10 ORDER BY id asc LIMIT 1   [ RunTime:0.0007s ]
SQL: SELECT * FROM `tp_article` WHERE ( id<51 ) AND `cateid` = 10 ORDER BY id desc LIMIT 1   [ RunTime:0.0009s ]
SQL: SHOW COLUMNS FROM `tp_link` [ RunTime:0.0044s ]
SQL: SELECT * FROM `tp_link` WHERE ( sort=0 )  [ RunTime:0.0005s ]
SQL: SELECT * FROM `tp_link` WHERE ( sort=1 )  [ RunTime:0.0004s ]
SQL: SELECT * FROM `tp_link` WHERE ( sort=2 )  [ RunTime:0.0005s ]
SQL: SELECT `id`,`title`,`time` FROM `tp_article` ORDER BY time desc LIMIT 8   [ RunTime:0.0004s ]
INFO: [ view_parse ] --START--
INFO: [ template_filter ] --START--
INFO: Run Behavior\ContentReplaceBehavior [ RunTime:0.000154s ]
INFO: [ template_filter ] --END-- [ RunTime:0.000331s ]
INFO: Run Behavior\ParseTemplateBehavior [ RunTime:0.016818s ]
INFO: [ view_parse ] --END-- [ RunTime:0.017066s ]
INFO: [ view_filter ] --START--
INFO: Run Behavior\WriteHtmlCacheBehavior [ RunTime:0.000452s ]
INFO: [ view_filter ] --END-- [ RunTime:0.000565s ]
INFO: [ app_end ] --START--
INFO: Run Behavior\ShowPageTraceBehavior [ RunTime:0.000629s ]
INFO: [ app_end ] --END-- [ RunTime:0.000757s ]

[ 2017-05-20T19:50:34+08:00 ] 127.0.0.1 /project/tp_news/index.php
INFO: [ app_init ] --START--
INFO: Run Behavior\BuildLiteBehavior [ RunTime:0.000031s ]
INFO: [ app_init ] --END-- [ RunTime:0.000605s ]
INFO: [ app_begin ] --START--
INFO: Run Behavior\ReadHtmlCacheBehavior [ RunTime:0.000805s ]
INFO: [ app_begin ] --END-- [ RunTime:0.000980s ]

[ 2017-05-20T19:51:30+08:00 ] 127.0.0.1 /project/tp_news/index.php
INFO: [ app_init ] --START--
INFO: Run Behavior\BuildLiteBehavior [ RunTime:0.000037s ]
INFO: [ app_init ] --END-- [ RunTime:0.000767s ]
INFO: [ app_begin ] --START--
INFO: Run Behavior\ReadHtmlCacheBehavior [ RunTime:0.000759s ]
INFO: [ app_begin ] --END-- [ RunTime:0.000892s ]

[ 2017-05-20T19:51:31+08:00 ] 127.0.0.1 /project/tp_news/index.php
INFO: [ app_init ] --START--
INFO: Run Behavior\BuildLiteBehavior [ RunTime:0.000023s ]
INFO: [ app_init ] --END-- [ RunTime:0.000760s ]
INFO: [ app_begin ] --START--
INFO: Run Behavior\ReadHtmlCacheBehavior [ RunTime:0.000555s ]
INFO: [ app_begin ] --END-- [ RunTime:0.000658s ]

[ 2017-05-20T19:51:31+08:00 ] 127.0.0.1 /project/tp_news/index.php
INFO: [ app_init ] --START--
INFO: Run Behavior\BuildLiteBehavior [ RunTime:0.000020s ]
INFO: [ app_init ] --END-- [ RunTime:0.000619s ]
INFO: [ app_begin ] --START--
INFO: Run Behavior\ReadHtmlCacheBehavior [ RunTime:0.000553s ]
INFO: [ app_begin ] --END-- [ RunTime:0.000652s ]

[ 2017-05-20T19:51:53+08:00 ] 127.0.0.1 /project/tp_news/index.php
INFO: [ app_init ] --START--
INFO: Run Behavior\BuildLiteBehavior [ RunTime:0.000022s ]
INFO: [ app_init ] --END-- [ RunTime:0.000873s ]
INFO: [ app_begin ] --START--
INFO: Run Behavior\ReadHtmlCacheBehavior [ RunTime:0.000855s ]
INFO: [ app_begin ] --END-- [ RunTime:0.001022s ]

[ 2017-05-20T19:51:53+08:00 ] 127.0.0.1 /project/tp_news/index.php
INFO: [ app_init ] --START--
INFO: Run Behavior\BuildLiteBehavior [ RunTime:0.000037s ]
INFO: [ app_init ] --END-- [ RunTime:0.000672s ]
INFO: [ app_begin ] --START--
INFO: Run Behavior\ReadHtmlCacheBehavior [ RunTime:0.000604s ]
INFO: [ app_begin ] --END-- [ RunTime:0.000753s ]

[ 2017-05-20T19:51:54+08:00 ] 127.0.0.1 /project/tp_news/index.php
INFO: [ app_init ] --START--
INFO: Run Behavior\BuildLiteBehavior [ RunTime:0.000022s ]
INFO: [ app_init ] --END-- [ RunTime:0.000562s ]
INFO: [ app_begin ] --START--
INFO: Run Behavior\ReadHtmlCacheBehavior [ RunTime:0.000555s ]
INFO: [ app_begin ] --END-- [ RunTime:0.000675s ]

[ 2017-05-20T19:52:16+08:00 ] 127.0.0.1 /project/tp_news/index.php
INFO: [ app_init ] --START--
INFO: Run Behavior\BuildLiteBehavior [ RunTime:0.000022s ]
INFO: [ app_init ] --END-- [ RunTime:0.000560s ]
INFO: [ app_begin ] --START--
INFO: Run Behavior\ReadHtmlCacheBehavior [ RunTime:0.000642s ]
INFO: [ app_begin ] --END-- [ RunTime:0.000742s ]

[ 2017-05-20T19:52:17+08:00 ] 127.0.0.1 /project/tp_news/index.php
INFO: [ app_init ] --START--
INFO: Run Behavior\BuildLiteBehavior [ RunTime:0.000021s ]
INFO: [ app_init ] --END-- [ RunTime:0.000639s ]
INFO: [ app_begin ] --START--
INFO: Run Behavior\ReadHtmlCacheBehavior [ RunTime:0.000525s ]
INFO: [ app_begin ] --END-- [ RunTime:0.000648s ]

[ 2017-05-20T19:52:17+08:00 ] 127.0.0.1 /project/tp_news/index.php
INFO: [ app_init ] --START--
INFO: Run Behavior\BuildLiteBehavior [ RunTime:0.000021s ]
INFO: [ app_init ] --END-- [ RunTime:0.000480s ]
INFO: [ app_begin ] --START--
INFO: Run Behavior\ReadHtmlCacheBehavior [ RunTime:0.000555s ]
INFO: [ app_begin ] --END-- [ RunTime:0.000702s ]

[ 2017-05-20T19:52:29+08:00 ] 127.0.0.1 /project/tp_news/index.php
INFO: [ app_init ] --START--
INFO: Run Behavior\BuildLiteBehavior [ RunTime:0.000020s ]
INFO: [ app_init ] --END-- [ RunTime:0.000555s ]
INFO: [ app_begin ] --START--
INFO: Run Behavior\ReadHtmlCacheBehavior [ RunTime:0.000522s ]
INFO: [ app_begin ] --END-- [ RunTime:0.000621s ]

[ 2017-05-20T19:52:29+08:00 ] 127.0.0.1 /project/tp_news/index.php
INFO: [ app_init ] --START--
INFO: Run Behavior\BuildLiteBehavior [ RunTime:0.000020s ]
INFO: [ app_init ] --END-- [ RunTime:0.000573s ]
INFO: [ app_begin ] --START--
INFO: Run Behavior\ReadHtmlCacheBehavior [ RunTime:0.000574s ]
INFO: [ app_begin ] --END-- [ RunTime:0.000674s ]

[ 2017-05-20T19:52:30+08:00 ] 127.0.0.1 /project/tp_news/index.php
INFO: [ app_init ] --START--
INFO: Run Behavior\BuildLiteBehavior [ RunTime:0.000021s ]
INFO: [ app_init ] --END-- [ RunTime:0.000445s ]
INFO: [ app_begin ] --START--
INFO: Run Behavior\ReadHtmlCacheBehavior [ RunTime:0.000554s ]
INFO: [ app_begin ] --END-- [ RunTime:0.000679s ]

[ 2017-05-20T19:52:30+08:00 ] 127.0.0.1 /project/tp_news/index.php
INFO: [ app_init ] --START--
INFO: Run Behavior\BuildLiteBehavior [ RunTime:0.000022s ]
INFO: [ app_init ] --END-- [ RunTime:0.000583s ]
INFO: [ app_begin ] --START--
INFO: Run Behavior\ReadHtmlCacheBehavior [ RunTime:0.000550s ]
INFO: [ app_begin ] --END-- [ RunTime:0.000659s ]

[ 2017-05-20T19:52:30+08:00 ] 127.0.0.1 /project/tp_news/index.php
INFO: [ app_init ] --START--
INFO: Run Behavior\BuildLiteBehavior [ RunTime:0.000021s ]
INFO: [ app_init ] --END-- [ RunTime:0.000533s ]
INFO: [ app_begin ] --START--
INFO: Run Behavior\ReadHtmlCacheBehavior [ RunTime:0.000754s ]
INFO: [ app_begin ] --END-- [ RunTime:0.000878s ]

[ 2017-05-20T19:54:46+08:00 ] 127.0.0.1 /project/tp_news/index.php
INFO: [ app_init ] --START--
INFO: Run Behavior\BuildLiteBehavior [ RunTime:0.000021s ]
INFO: [ app_init ] --END-- [ RunTime:0.000500s ]
INFO: [ app_begin ] --START--
INFO: Run Behavior\ReadHtmlCacheBehavior [ RunTime:0.000616s ]
INFO: [ app_begin ] --END-- [ RunTime:0.000755s ]

[ 2017-05-20T19:55:26+08:00 ] 127.0.0.1 /project/tp_news/index.php
INFO: [ app_init ] --START--
INFO: Run Behavior\BuildLiteBehavior [ RunTime:0.000023s ]
INFO: [ app_init ] --END-- [ RunTime:0.001097s ]
INFO: [ app_begin ] --START--
INFO: Run Behavior\ReadHtmlCacheBehavior [ RunTime:0.000792s ]
INFO: [ app_begin ] --END-- [ RunTime:0.000956s ]
SQL: SHOW COLUMNS FROM `tp_article` [ RunTime:0.0046s ]
SQL: SELECT COUNT(*) AS tp_count FROM `tp_article` LIMIT 1   [ RunTime:0.0003s ]
SQL: SELECT * FROM `tp_article` ORDER BY time desc LIMIT 0,9   [ RunTime:0.0017s ]
SQL: SELECT `id`,`title`,`desc` FROM `tp_article` LIMIT 6   [ RunTime:0.0003s ]
SQL: SHOW COLUMNS FROM `tp_lunbo` [ RunTime:0.0038s ]
SQL: SELECT `id`,`picture`,`title` FROM `tp_lunbo` LIMIT 5   [ RunTime:0.0004s ]
SQL: SHOW COLUMNS FROM `tp_link` [ RunTime:0.0030s ]
SQL: SELECT * FROM `tp_link` WHERE ( sort=0 )  [ RunTime:0.0004s ]
SQL: SELECT * FROM `tp_link` WHERE ( sort=1 )  [ RunTime:0.0003s ]
SQL: SELECT * FROM `tp_link` WHERE ( sort=2 )  [ RunTime:0.0003s ]
SQL: SELECT COUNT(*) AS tp_count FROM `tp_article` LIMIT 1   [ RunTime:0.0002s ]
SQL: SELECT tp1.*,tp2.catename as catename FROM tp_article tp1 left join tp_cate as tp2 on tp1.cateid = tp2.id  WHERE `catename` = '人生哲理' LIMIT 0,9   [ RunTime:0.0005s ]
SQL: SELECT COUNT(*) AS tp_count FROM `tp_article` LIMIT 1   [ RunTime:0.0003s ]
SQL: SELECT tp1.*,tp2.catename as catename FROM tp_article tp1 left join tp_cate as tp2 on tp1.cateid = tp2.id  WHERE `catename` = '励志文章' LIMIT 0,9   [ RunTime:0.0007s ]
SQL: SELECT COUNT(*) AS tp_count FROM `tp_article` LIMIT 1   [ RunTime:0.0003s ]
SQL: SELECT tp1.*,tp2.catename as catename FROM tp_article tp1 left join tp_cate as tp2 on tp1.cateid = tp2.id  WHERE `catename` = '感情美文' LIMIT 0,9   [ RunTime:0.0015s ]
SQL: SELECT COUNT(*) AS tp_count FROM `tp_article` LIMIT 1   [ RunTime:0.0003s ]
SQL: SELECT tp1.*,tp2.catename as catename FROM tp_article tp1 left join tp_cate as tp2 on tp1.cateid = tp2.id  WHERE `catename` = '金典美文' LIMIT 0,9   [ RunTime:0.0008s ]
SQL: SELECT COUNT(*) AS tp_count FROM `tp_article` LIMIT 1   [ RunTime:0.0004s ]
SQL: SELECT tp1.*,tp2.catename as catename FROM tp_article tp1 left join tp_cate as tp2 on tp1.cateid = tp2.id  WHERE `catename` = '人生感情' LIMIT 0,9   [ RunTime:0.0006s ]
SQL: SELECT `id`,`picture`,`title` FROM `tp_lunbo` ORDER BY time desc LIMIT 1   [ RunTime:0.0003s ]
SQL: SELECT `id`,`title` FROM `tp_lunbo` ORDER BY time desc  [ RunTime:0.0004s ]
SQL: SELECT `id`,`title` FROM `tp_article` ORDER BY time desc LIMIT 1   [ RunTime:0.0003s ]
SQL: SELECT `id`,`title` FROM `tp_article` LIMIT 5   [ RunTime:0.0003s ]
INFO: [ view_parse ] --START--
INFO: [ template_filter ] --START--
INFO: Run Behavior\ContentReplaceBehavior [ RunTime:0.000224s ]
INFO: [ template_filter ] --END-- [ RunTime:0.000347s ]
INFO: Run Behavior\ParseTemplateBehavior [ RunTime:0.031900s ]
INFO: [ view_parse ] --END-- [ RunTime:0.032012s ]
INFO: [ view_filter ] --START--
INFO: Run Behavior\WriteHtmlCacheBehavior [ RunTime:0.000524s ]
INFO: [ view_filter ] --END-- [ RunTime:0.000622s ]
INFO: [ app_end ] --START--
INFO: Run Behavior\ShowPageTraceBehavior [ RunTime:0.000780s ]
INFO: [ app_end ] --END-- [ RunTime:0.000904s ]

[ 2017-05-20T20:22:24+08:00 ] 127.0.0.1 /project/tp_news/index.php
INFO: [ app_init ] --START--
INFO: Run Behavior\BuildLiteBehavior [ RunTime:0.000022s ]
INFO: [ app_init ] --END-- [ RunTime:0.000980s ]
INFO: [ app_begin ] --START--
INFO: Run Behavior\ReadHtmlCacheBehavior [ RunTime:0.000684s ]
INFO: [ app_begin ] --END-- [ RunTime:0.000788s ]

[ 2017-05-20T20:22:48+08:00 ] 127.0.0.1 /project/tp_news/index.php
INFO: [ app_init ] --START--
INFO: Run Behavior\BuildLiteBehavior [ RunTime:0.000023s ]
INFO: [ app_init ] --END-- [ RunTime:0.000564s ]
INFO: [ app_begin ] --START--
INFO: Run Behavior\ReadHtmlCacheBehavior [ RunTime:0.000567s ]
INFO: [ app_begin ] --END-- [ RunTime:0.000677s ]

[ 2017-05-20T20:22:49+08:00 ] 127.0.0.1 /project/tp_news/index.php
INFO: [ app_init ] --START--
INFO: Run Behavior\BuildLiteBehavior [ RunTime:0.000022s ]
INFO: [ app_init ] --END-- [ RunTime:0.000575s ]
INFO: [ app_begin ] --START--
INFO: Run Behavior\ReadHtmlCacheBehavior [ RunTime:0.000471s ]
INFO: [ app_begin ] --END-- [ RunTime:0.000579s ]

[ 2017-05-20T20:22:49+08:00 ] 127.0.0.1 /project/tp_news/index.php
INFO: [ app_init ] --START--
INFO: Run Behavior\BuildLiteBehavior [ RunTime:0.000023s ]
INFO: [ app_init ] --END-- [ RunTime:0.000622s ]
INFO: [ app_begin ] --START--
INFO: Run Behavior\ReadHtmlCacheBehavior [ RunTime:0.000771s ]
INFO: [ app_begin ] --END-- [ RunTime:0.001021s ]

[ 2017-05-20T20:24:13+08:00 ] 127.0.0.1 /project/tp_news/index.php
INFO: [ app_init ] --START--
INFO: Run Behavior\BuildLiteBehavior [ RunTime:0.000025s ]
INFO: [ app_init ] --END-- [ RunTime:0.000594s ]
INFO: [ app_begin ] --START--
INFO: Run Behavior\ReadHtmlCacheBehavior [ RunTime:0.000546s ]
INFO: [ app_begin ] --END-- [ RunTime:0.000663s ]
SQL: SHOW COLUMNS FROM `tp_article` [ RunTime:0.0050s ]
SQL: SELECT COUNT(*) AS tp_count FROM `tp_article` LIMIT 1   [ RunTime:0.0006s ]
SQL: SELECT * FROM `tp_article` ORDER BY time desc LIMIT 0,9   [ RunTime:0.0021s ]
SQL: SELECT `id`,`title`,`desc` FROM `tp_article` LIMIT 6   [ RunTime:0.0003s ]
SQL: SHOW COLUMNS FROM `tp_lunbo` [ RunTime:0.0029s ]
SQL: SELECT `id`,`picture`,`title` FROM `tp_lunbo` LIMIT 5   [ RunTime:0.0004s ]
SQL: SHOW COLUMNS FROM `tp_link` [ RunTime:0.0034s ]
SQL: SELECT * FROM `tp_link` WHERE ( sort=0 )  [ RunTime:0.0004s ]
SQL: SELECT * FROM `tp_link` WHERE ( sort=1 )  [ RunTime:0.0003s ]
SQL: SELECT * FROM `tp_link` WHERE ( sort=2 )  [ RunTime:0.0003s ]
SQL: SELECT COUNT(*) AS tp_count FROM `tp_article` LIMIT 1   [ RunTime:0.0002s ]
SQL: SELECT tp1.*,tp2.catename as catename FROM tp_article tp1 left join tp_cate as tp2 on tp1.cateid = tp2.id  WHERE `catename` = '人生哲理' LIMIT 0,9   [ RunTime:0.0006s ]
SQL: SELECT COUNT(*) AS tp_count FROM `tp_article` LIMIT 1   [ RunTime:0.0003s ]
SQL: SELECT tp1.*,tp2.catename as catename FROM tp_article tp1 left join tp_cate as tp2 on tp1.cateid = tp2.id  WHERE `catename` = '励志文章' LIMIT 0,9   [ RunTime:0.0012s ]
SQL: SELECT COUNT(*) AS tp_count FROM `tp_article` LIMIT 1   [ RunTime:0.0004s ]
SQL: SELECT tp1.*,tp2.catename as catename FROM tp_article tp1 left join tp_cate as tp2 on tp1.cateid = tp2.id  WHERE `catename` = '感情美文' LIMIT 0,9   [ RunTime:0.0011s ]
SQL: SELECT COUNT(*) AS tp_count FROM `tp_article` LIMIT 1   [ RunTime:0.0003s ]
SQL: SELECT tp1.*,tp2.catename as catename FROM tp_article tp1 left join tp_cate as tp2 on tp1.cateid = tp2.id  WHERE `catename` = '金典美文' LIMIT 0,9   [ RunTime:0.0008s ]
SQL: SELECT COUNT(*) AS tp_count FROM `tp_article` LIMIT 1   [ RunTime:0.0003s ]
SQL: SELECT tp1.*,tp2.catename as catename FROM tp_article tp1 left join tp_cate as tp2 on tp1.cateid = tp2.id  WHERE `catename` = '人生感情' LIMIT 0,9   [ RunTime:0.0004s ]
SQL: SELECT `id`,`picture`,`title` FROM `tp_lunbo` ORDER BY time desc LIMIT 1   [ RunTime:0.0005s ]
SQL: SELECT `id`,`title` FROM `tp_lunbo` ORDER BY time desc  [ RunTime:0.0002s ]
SQL: SELECT `id`,`title` FROM `tp_article` ORDER BY time desc LIMIT 1   [ RunTime:0.0004s ]
SQL: SELECT `id`,`title` FROM `tp_article` LIMIT 5   [ RunTime:0.0003s ]
INFO: [ view_parse ] --START--
INFO: [ template_filter ] --START--
INFO: Run Behavior\ContentReplaceBehavior [ RunTime:0.000223s ]
INFO: [ template_filter ] --END-- [ RunTime:0.000331s ]
INFO: Run Behavior\ParseTemplateBehavior [ RunTime:0.030564s ]
INFO: [ view_parse ] --END-- [ RunTime:0.030788s ]
INFO: [ view_filter ] --START--
INFO: Run Behavior\WriteHtmlCacheBehavior [ RunTime:0.000653s ]
INFO: [ view_filter ] --END-- [ RunTime:0.000770s ]
INFO: [ app_end ] --START--
INFO: Run Behavior\ShowPageTraceBehavior [ RunTime:0.001212s ]
INFO: [ app_end ] --END-- [ RunTime:0.001398s ]

[ 2017-05-20T20:24:17+08:00 ] 127.0.0.1 /project/tp_news/index.php/Home/article/index/id/44
INFO: [ app_init ] --START--
INFO: Run Behavior\BuildLiteBehavior [ RunTime:0.000049s ]
INFO: [ app_init ] --END-- [ RunTime:0.000523s ]
INFO: [ app_begin ] --START--
INFO: Run Behavior\ReadHtmlCacheBehavior [ RunTime:0.000487s ]
INFO: [ app_begin ] --END-- [ RunTime:0.000591s ]
SQL: SHOW COLUMNS FROM `tp_article` [ RunTime:0.0040s ]
SQL: SELECT tp1.*,tp2.catename as catename FROM tp_article tp1 left join tp_cate as tp2 on tp1.cateid = tp2.id  WHERE ( tp1.id=44 )  [ RunTime:0.0006s ]
SQL: SELECT * FROM `tp_article` WHERE `id` = 44 LIMIT 1   [ RunTime:0.0004s ]
SQL: SELECT * FROM `tp_article` WHERE ( id>44 ) AND `cateid` = 8 ORDER BY id asc LIMIT 1   [ RunTime:0.0009s ]
SQL: SELECT * FROM `tp_article` WHERE ( id<44 ) AND `cateid` = 8 ORDER BY id desc LIMIT 1   [ RunTime:0.0003s ]
SQL: SHOW COLUMNS FROM `tp_link` [ RunTime:0.0031s ]
SQL: SELECT * FROM `tp_link` WHERE ( sort=0 )  [ RunTime:0.0007s ]
SQL: SELECT * FROM `tp_link` WHERE ( sort=1 )  [ RunTime:0.0009s ]
SQL: SELECT * FROM `tp_link` WHERE ( sort=2 )  [ RunTime:0.0004s ]
SQL: SELECT `id`,`title`,`time` FROM `tp_article` ORDER BY time desc LIMIT 8   [ RunTime:0.0005s ]
INFO: [ view_parse ] --START--
INFO: [ template_filter ] --START--
INFO: Run Behavior\ContentReplaceBehavior [ RunTime:0.000304s ]
INFO: [ template_filter ] --END-- [ RunTime:0.000605s ]
INFO: Run Behavior\ParseTemplateBehavior [ RunTime:0.017443s ]
INFO: [ view_parse ] --END-- [ RunTime:0.017613s ]
INFO: [ view_filter ] --START--
INFO: Run Behavior\WriteHtmlCacheBehavior [ RunTime:0.000806s ]
INFO: [ view_filter ] --END-- [ RunTime:0.000949s ]
INFO: [ app_end ] --START--
INFO: Run Behavior\ShowPageTraceBehavior [ RunTime:0.001039s ]
INFO: [ app_end ] --END-- [ RunTime:0.001196s ]

[ 2017-05-20T20:24:20+08:00 ] 127.0.0.1 /project/tp_news/index.php/Home/Article/index/id/47
INFO: [ app_init ] --START--
INFO: Run Behavior\BuildLiteBehavior [ RunTime:0.000024s ]
INFO: [ app_init ] --END-- [ RunTime:0.000699s ]
INFO: [ app_begin ] --START--
INFO: Run Behavior\ReadHtmlCacheBehavior [ RunTime:0.000916s ]
INFO: [ app_begin ] --END-- [ RunTime:0.001100s ]
SQL: SHOW COLUMNS FROM `tp_article` [ RunTime:0.0037s ]
SQL: SELECT tp1.*,tp2.catename as catename FROM tp_article tp1 left join tp_cate as tp2 on tp1.cateid = tp2.id  WHERE ( tp1.id=47 )  [ RunTime:0.0009s ]
SQL: SELECT * FROM `tp_article` WHERE `id` = 47 LIMIT 1   [ RunTime:0.0009s ]
SQL: SELECT * FROM `tp_article` WHERE ( id>47 ) AND `cateid` = 8 ORDER BY id asc LIMIT 1   [ RunTime:0.0004s ]
SQL: SELECT * FROM `tp_article` WHERE ( id<47 ) AND `cateid` = 8 ORDER BY id desc LIMIT 1   [ RunTime:0.0003s ]
SQL: SHOW COLUMNS FROM `tp_link` [ RunTime:0.0034s ]
SQL: SELECT * FROM `tp_link` WHERE ( sort=0 )  [ RunTime:0.0004s ]
SQL: SELECT * FROM `tp_link` WHERE ( sort=1 )  [ RunTime:0.0007s ]
SQL: SELECT * FROM `tp_link` WHERE ( sort=2 )  [ RunTime:0.0007s ]
SQL: SELECT `id`,`title`,`time` FROM `tp_article` ORDER BY time desc LIMIT 8   [ RunTime:0.0004s ]
INFO: [ view_parse ] --START--
INFO: [ template_filter ] --START--
INFO: Run Behavior\ContentReplaceBehavior [ RunTime:0.000118s ]
INFO: [ template_filter ] --END-- [ RunTime:0.000250s ]
INFO: Run Behavior\ParseTemplateBehavior [ RunTime:0.014728s ]
INFO: [ view_parse ] --END-- [ RunTime:0.014862s ]
INFO: [ view_filter ] --START--
INFO: Run Behavior\WriteHtmlCacheBehavior [ RunTime:0.000357s ]
INFO: [ view_filter ] --END-- [ RunTime:0.000453s ]
INFO: [ app_end ] --START--
INFO: Run Behavior\ShowPageTraceBehavior [ RunTime:0.000752s ]
INFO: [ app_end ] --END-- [ RunTime:0.000859s ]

[ 2017-05-20T20:25:14+08:00 ] 127.0.0.1 /project/tp_news/index.php/Home/article/index/id/44
INFO: [ app_init ] --START--
INFO: Run Behavior\BuildLiteBehavior [ RunTime:0.000021s ]
INFO: [ app_init ] --END-- [ RunTime:0.000522s ]
INFO: [ app_begin ] --START--
INFO: Run Behavior\ReadHtmlCacheBehavior [ RunTime:0.000681s ]
INFO: [ app_begin ] --END-- [ RunTime:0.000821s ]
SQL: SHOW COLUMNS FROM `tp_article` [ RunTime:0.0243s ]
SQL: SELECT tp1.*,tp2.catename as catename FROM tp_article tp1 left join tp_cate as tp2 on tp1.cateid = tp2.id  WHERE ( tp1.id=44 )  [ RunTime:0.0007s ]
SQL: SELECT * FROM `tp_article` WHERE `id` = 44 LIMIT 1   [ RunTime:0.0004s ]
SQL: SELECT * FROM `tp_article` WHERE ( id>44 ) AND `cateid` = 8 ORDER BY id asc LIMIT 1   [ RunTime:0.0011s ]
SQL: SELECT * FROM `tp_article` WHERE ( id<44 ) AND `cateid` = 8 ORDER BY id desc LIMIT 1   [ RunTime:0.0005s ]
SQL: SHOW COLUMNS FROM `tp_link` [ RunTime:0.0033s ]
SQL: SELECT * FROM `tp_link` WHERE ( sort=0 )  [ RunTime:0.0004s ]
SQL: SELECT * FROM `tp_link` WHERE ( sort=1 )  [ RunTime:0.0003s ]
SQL: SELECT * FROM `tp_link` WHERE ( sort=2 )  [ RunTime:0.0003s ]
SQL: SELECT `id`,`title`,`time` FROM `tp_article` ORDER BY time desc LIMIT 8   [ RunTime:0.0005s ]
INFO: [ view_parse ] --START--
INFO: [ template_filter ] --START--
INFO: Run Behavior\ContentReplaceBehavior [ RunTime:0.000097s ]
INFO: [ template_filter ] --END-- [ RunTime:0.000201s ]
INFO: Run Behavior\ParseTemplateBehavior [ RunTime:0.016476s ]
INFO: [ view_parse ] --END-- [ RunTime:0.016587s ]
INFO: [ view_filter ] --START--
INFO: Run Behavior\WriteHtmlCacheBehavior [ RunTime:0.000458s ]
INFO: [ view_filter ] --END-- [ RunTime:0.000559s ]
INFO: [ app_end ] --START--
INFO: Run Behavior\ShowPageTraceBehavior [ RunTime:0.000964s ]
INFO: [ app_end ] --END-- [ RunTime:0.001168s ]

[ 2017-05-20T20:28:22+08:00 ] 127.0.0.1 /project/tp_news/index.php/
INFO: [ app_init ] --START--
INFO: Run Behavior\BuildLiteBehavior [ RunTime:0.000021s ]
INFO: [ app_init ] --END-- [ RunTime:0.000725s ]
INFO: [ app_begin ] --START--
INFO: Run Behavior\ReadHtmlCacheBehavior [ RunTime:0.000483s ]
INFO: [ app_begin ] --END-- [ RunTime:0.000587s ]
SQL: SHOW COLUMNS FROM `tp_article` [ RunTime:0.0035s ]
SQL: SELECT COUNT(*) AS tp_count FROM `tp_article` LIMIT 1   [ RunTime:0.0004s ]
SQL: SELECT * FROM `tp_article` ORDER BY time desc LIMIT 0,9   [ RunTime:0.0014s ]
SQL: SELECT `id`,`title`,`desc` FROM `tp_article` LIMIT 6   [ RunTime:0.0003s ]
SQL: SHOW COLUMNS FROM `tp_lunbo` [ RunTime:0.0033s ]
SQL: SELECT `id`,`picture`,`title` FROM `tp_lunbo` LIMIT 5   [ RunTime:0.0003s ]
SQL: SHOW COLUMNS FROM `tp_link` [ RunTime:0.0030s ]
SQL: SELECT * FROM `tp_link` WHERE ( sort=0 )  [ RunTime:0.0004s ]
SQL: SELECT * FROM `tp_link` WHERE ( sort=1 )  [ RunTime:0.0004s ]
SQL: SELECT * FROM `tp_link` WHERE ( sort=2 )  [ RunTime:0.0004s ]
SQL: SELECT COUNT(*) AS tp_count FROM `tp_article` LIMIT 1   [ RunTime:0.0003s ]
SQL: SELECT tp1.*,tp2.catename as catename FROM tp_article tp1 left join tp_cate as tp2 on tp1.cateid = tp2.id  WHERE `catename` = '人生哲理' LIMIT 0,9   [ RunTime:0.0008s ]
SQL: SELECT COUNT(*) AS tp_count FROM `tp_article` LIMIT 1   [ RunTime:0.0003s ]
SQL: SELECT tp1.*,tp2.catename as catename FROM tp_article tp1 left join tp_cate as tp2 on tp1.cateid = tp2.id  WHERE `catename` = '励志文章' LIMIT 0,9   [ RunTime:0.0009s ]
SQL: SELECT COUNT(*) AS tp_count FROM `tp_article` LIMIT 1   [ RunTime:0.0005s ]
SQL: SELECT tp1.*,tp2.catename as catename FROM tp_article tp1 left join tp_cate as tp2 on tp1.cateid = tp2.id  WHERE `catename` = '感情美文' LIMIT 0,9   [ RunTime:0.0008s ]
SQL: SELECT COUNT(*) AS tp_count FROM `tp_article` LIMIT 1   [ RunTime:0.0004s ]
SQL: SELECT tp1.*,tp2.catename as catename FROM tp_article tp1 left join tp_cate as tp2 on tp1.cateid = tp2.id  WHERE `catename` = '金典美文' LIMIT 0,9   [ RunTime:0.0011s ]
SQL: SELECT COUNT(*) AS tp_count FROM `tp_article` LIMIT 1   [ RunTime:0.0005s ]
SQL: SELECT tp1.*,tp2.catename as catename FROM tp_article tp1 left join tp_cate as tp2 on tp1.cateid = tp2.id  WHERE `catename` = '人生感情' LIMIT 0,9   [ RunTime:0.0005s ]
SQL: SELECT `id`,`picture`,`title` FROM `tp_lunbo` ORDER BY time desc LIMIT 1   [ RunTime:0.0005s ]
SQL: SELECT `id`,`title` FROM `tp_lunbo` ORDER BY time desc  [ RunTime:0.0002s ]
SQL: SELECT `id`,`title` FROM `tp_article` ORDER BY time desc LIMIT 1   [ RunTime:0.0003s ]
SQL: SELECT `id`,`title` FROM `tp_article` LIMIT 5   [ RunTime:0.0003s ]
INFO: [ view_parse ] --START--
INFO: [ template_filter ] --START--
INFO: Run Behavior\ContentReplaceBehavior [ RunTime:0.000165s ]
INFO: [ template_filter ] --END-- [ RunTime:0.000276s ]
INFO: Run Behavior\ParseTemplateBehavior [ RunTime:0.029422s ]
INFO: [ view_parse ] --END-- [ RunTime:0.029530s ]
INFO: [ view_filter ] --START--
INFO: Run Behavior\WriteHtmlCacheBehavior [ RunTime:0.000469s ]
INFO: [ view_filter ] --END-- [ RunTime:0.000561s ]
INFO: [ app_end ] --START--
INFO: Run Behavior\ShowPageTraceBehavior [ RunTime:0.000793s ]
INFO: [ app_end ] --END-- [ RunTime:0.000950s ]

[ 2017-05-20T20:28:38+08:00 ] 127.0.0.1 /project/tp_news/
INFO: [ app_init ] --START--
INFO: Run Behavior\BuildLiteBehavior [ RunTime:0.000022s ]
INFO: [ app_init ] --END-- [ RunTime:0.000492s ]
INFO: [ app_begin ] --START--
INFO: Run Behavior\ReadHtmlCacheBehavior [ RunTime:0.000430s ]
INFO: [ app_begin ] --END-- [ RunTime:0.000533s ]
SQL: SHOW COLUMNS FROM `tp_article` [ RunTime:0.0032s ]
SQL: SELECT COUNT(*) AS tp_count FROM `tp_article` LIMIT 1   [ RunTime:0.0003s ]
SQL: SELECT * FROM `tp_article` ORDER BY time desc LIMIT 0,9   [ RunTime:0.0014s ]
SQL: SELECT `id`,`title`,`desc` FROM `tp_article` LIMIT 6   [ RunTime:0.0003s ]
SQL: SHOW COLUMNS FROM `tp_lunbo` [ RunTime:0.0037s ]
SQL: SELECT `id`,`picture`,`title` FROM `tp_lunbo` LIMIT 5   [ RunTime:0.0004s ]
SQL: SHOW COLUMNS FROM `tp_link` [ RunTime:0.0046s ]
SQL: SELECT * FROM `tp_link` WHERE ( sort=0 )  [ RunTime:0.0005s ]
SQL: SELECT * FROM `tp_link` WHERE ( sort=1 )  [ RunTime:0.0004s ]
SQL: SELECT * FROM `tp_link` WHERE ( sort=2 )  [ RunTime:0.0004s ]
SQL: SELECT COUNT(*) AS tp_count FROM `tp_article` LIMIT 1   [ RunTime:0.0004s ]
SQL: SELECT tp1.*,tp2.catename as catename FROM tp_article tp1 left join tp_cate as tp2 on tp1.cateid = tp2.id  WHERE `catename` = '人生哲理' LIMIT 0,9   [ RunTime:0.0008s ]
SQL: SELECT COUNT(*) AS tp_count FROM `tp_article` LIMIT 1   [ RunTime:0.0003s ]
SQL: SELECT tp1.*,tp2.catename as catename FROM tp_article tp1 left join tp_cate as tp2 on tp1.cateid = tp2.id  WHERE `catename` = '励志文章' LIMIT 0,9   [ RunTime:0.0011s ]
SQL: SELECT COUNT(*) AS tp_count FROM `tp_article` LIMIT 1   [ RunTime:0.0005s ]
SQL: SELECT tp1.*,tp2.catename as catename FROM tp_article tp1 left join tp_cate as tp2 on tp1.cateid = tp2.id  WHERE `catename` = '感情美文' LIMIT 0,9   [ RunTime:0.0011s ]
SQL: SELECT COUNT(*) AS tp_count FROM `tp_article` LIMIT 1   [ RunTime:0.0004s ]
SQL: SELECT tp1.*,tp2.catename as catename FROM tp_article tp1 left join tp_cate as tp2 on tp1.cateid = tp2.id  WHERE `catename` = '金典美文' LIMIT 0,9   [ RunTime:0.0013s ]
SQL: SELECT COUNT(*) AS tp_count FROM `tp_article` LIMIT 1   [ RunTime:0.0004s ]
SQL: SELECT tp1.*,tp2.catename as catename FROM tp_article tp1 left join tp_cate as tp2 on tp1.cateid = tp2.id  WHERE `catename` = '人生感情' LIMIT 0,9   [ RunTime:0.0005s ]
SQL: SELECT `id`,`picture`,`title` FROM `tp_lunbo` ORDER BY time desc LIMIT 1   [ RunTime:0.0005s ]
SQL: SELECT `id`,`title` FROM `tp_lunbo` ORDER BY time desc  [ RunTime:0.0004s ]
SQL: SELECT `id`,`title` FROM `tp_article` ORDER BY time desc LIMIT 1   [ RunTime:0.0003s ]
SQL: SELECT `id`,`title` FROM `tp_article` LIMIT 5   [ RunTime:0.0003s ]
INFO: [ view_parse ] --START--
INFO: [ template_filter ] --START--
INFO: Run Behavior\ContentReplaceBehavior [ RunTime:0.000155s ]
INFO: [ template_filter ] --END-- [ RunTime:0.000261s ]
INFO: Run Behavior\ParseTemplateBehavior [ RunTime:0.027690s ]
INFO: [ view_parse ] --END-- [ RunTime:0.027809s ]
INFO: [ view_filter ] --START--
INFO: Run Behavior\WriteHtmlCacheBehavior [ RunTime:0.000637s ]
INFO: [ view_filter ] --END-- [ RunTime:0.000791s ]
INFO: [ app_end ] --START--
INFO: Run Behavior\ShowPageTraceBehavior [ RunTime:0.000691s ]
INFO: [ app_end ] --END-- [ RunTime:0.000812s ]

