[ 2017-01-05T14:07:59+08:00 ] 127.0.0.1 /project/tp_boot/index.php/login/login
INFO: [ app_init ] --START--
INFO: Run Behavior\BuildLiteBehavior [ RunTime:0.000073s ]
INFO: [ app_init ] --END-- [ RunTime:0.007914s ]
ERR: 无法加载模块:Login

[ 2017-01-05T14:08:11+08:00 ] 127.0.0.1 /project/tp_boot/index.php/login/index
INFO: [ app_init ] --START--
INFO: Run Behavior\BuildLiteBehavior [ RunTime:0.000025s ]
INFO: [ app_init ] --END-- [ RunTime:0.000814s ]
ERR: 无法加载模块:Login

[ 2017-01-05T14:52:25+08:00 ] 127.0.0.1 /project/tp_boot/Public/Admin/css/bootstrap.min.css
INFO: [ app_init ] --START--
INFO: Run Behavior\BuildLiteBehavior [ RunTime:0.000037s ]
INFO: [ app_init ] --END-- [ RunTime:0.000995s ]
ERR: 无法加载模块:Public

[ 2017-01-05T14:52:25+08:00 ] 127.0.0.1 /project/tp_boot/Public/Admin/css/bootstrap-reset.css
INFO: [ app_init ] --START--
INFO: Run Behavior\BuildLiteBehavior [ RunTime:0.000039s ]
INFO: [ app_init ] --END-- [ RunTime:0.001134s ]
ERR: 无法加载模块:Public

[ 2017-01-05T14:52:25+08:00 ] 127.0.0.1 /project/tp_boot/Public/Admin/assets/font-awesome/css/font-awesome.css
INFO: [ app_init ] --START--
INFO: Run Behavior\BuildLiteBehavior [ RunTime:0.000036s ]
INFO: [ app_init ] --END-- [ RunTime:0.001206s ]
ERR: 无法加载模块:Public

[ 2017-01-05T14:52:25+08:00 ] 127.0.0.1 /project/tp_boot/Public/Admin/css/style-responsive.css
INFO: [ app_init ] --START--
INFO: Run Behavior\BuildLiteBehavior [ RunTime:0.000023s ]
INFO: [ app_init ] --END-- [ RunTime:0.001051s ]
ERR: 无法加载模块:Public

[ 2017-01-05T14:52:25+08:00 ] 127.0.0.1 /project/tp_boot/Public/Admin/img/favicon.html
INFO: [ app_init ] --START--
INFO: Run Behavior\BuildLiteBehavior [ RunTime:0.000038s ]
INFO: [ app_init ] --END-- [ RunTime:0.001034s ]
ERR: 无法加载模块:Public

[ 2017-01-05T14:54:04+08:00 ] 127.0.0.1 /project/tp_boot/Public/Admin/css/bootstrap.min.css
INFO: [ app_init ] --START--
INFO: Run Behavior\BuildLiteBehavior [ RunTime:0.000041s ]
INFO: [ app_init ] --END-- [ RunTime:0.001410s ]
ERR: 无法加载模块:Public

[ 2017-01-05T14:54:04+08:00 ] 127.0.0.1 /project/tp_boot/Public/Admin/assets/font-awesome/css/font-awesome.css
INFO: [ app_init ] --START--
INFO: Run Behavior\BuildLiteBehavior [ RunTime:0.000035s ]
INFO: [ app_init ] --END-- [ RunTime:0.000880s ]
ERR: 无法加载模块:Public

[ 2017-01-05T14:54:04+08:00 ] 127.0.0.1 /project/tp_boot/Public/Admin/css/bootstrap-reset.css
INFO: [ app_init ] --START--
INFO: Run Behavior\BuildLiteBehavior [ RunTime:0.000040s ]
INFO: [ app_init ] --END-- [ RunTime:0.001284s ]
ERR: 无法加载模块:Public

[ 2017-01-05T14:54:04+08:00 ] 127.0.0.1 /project/tp_boot/Public/Admin/css/style-responsive.css
INFO: [ app_init ] --START--
INFO: Run Behavior\BuildLiteBehavior [ RunTime:0.000025s ]
INFO: [ app_init ] --END-- [ RunTime:0.001097s ]
ERR: 无法加载模块:Public

[ 2017-01-05T14:54:07+08:00 ] 127.0.0.1 /project/tp_boot/Public/Admin/assets/font-awesome/css/font-awesome.css
INFO: [ app_init ] --START--
INFO: Run Behavior\BuildLiteBehavior [ RunTime:0.000038s ]
INFO: [ app_init ] --END-- [ RunTime:0.001013s ]
ERR: 无法加载模块:Public

[ 2017-01-05T14:54:07+08:00 ] 127.0.0.1 /project/tp_boot/Public/Admin/css/style-responsive.css
INFO: [ app_init ] --START--
INFO: Run Behavior\BuildLiteBehavior [ RunTime:0.000022s ]
INFO: [ app_init ] --END-- [ RunTime:0.000762s ]
ERR: 无法加载模块:Public

[ 2017-01-05T14:54:07+08:00 ] 127.0.0.1 /project/tp_boot/Public/Admin/css/bootstrap-reset.css
INFO: [ app_init ] --START--
INFO: Run Behavior\BuildLiteBehavior [ RunTime:0.000034s ]
INFO: [ app_init ] --END-- [ RunTime:0.001015s ]
ERR: 无法加载模块:Public

[ 2017-01-05T14:54:07+08:00 ] 127.0.0.1 /project/tp_boot/Public/Admin/css/bootstrap.min.css
INFO: [ app_init ] --START--
INFO: Run Behavior\BuildLiteBehavior [ RunTime:0.000023s ]
INFO: [ app_init ] --END-- [ RunTime:0.001021s ]
ERR: 无法加载模块:Public

[ 2017-01-05T15:04:44+08:00 ] 127.0.0.1 /project/tp_boot/css/style.css
INFO: [ app_init ] --START--
INFO: Run Behavior\BuildLiteBehavior [ RunTime:0.000024s ]
INFO: [ app_init ] --END-- [ RunTime:0.000736s ]
ERR: 无法加载模块:Css

[ 2017-01-05T15:04:44+08:00 ] 127.0.0.1 /project/tp_boot/bower_components/bootstrap/dist/css/bootstrap.min.css.map
INFO: [ app_init ] --START--
INFO: Run Behavior\BuildLiteBehavior [ RunTime:0.000038s ]
INFO: [ app_init ] --END-- [ RunTime:0.001312s ]
ERR: 无法加载模块:Bower_components

[ 2017-01-05T15:04:53+08:00 ] 127.0.0.1 /project/tp_boot/index.html
INFO: [ app_init ] --START--
INFO: Run Behavior\BuildLiteBehavior [ RunTime:0.000020s ]
INFO: [ app_init ] --END-- [ RunTime:0.000735s ]
ERR: 无法加载模块:Index

[ 2017-01-05T15:07:04+08:00 ] 127.0.0.1 /project/tp_boot/Public/Admin/css/bootstrap.min.css
INFO: [ app_init ] --START--
INFO: Run Behavior\BuildLiteBehavior [ RunTime:0.000037s ]
INFO: [ app_init ] --END-- [ RunTime:0.000977s ]
ERR: 无法加载模块:Public

[ 2017-01-05T15:07:04+08:00 ] 127.0.0.1 /project/tp_boot/Public/Admin/css/bootstrap-reset.css
INFO: [ app_init ] --START--
INFO: Run Behavior\BuildLiteBehavior [ RunTime:0.000023s ]
INFO: [ app_init ] --END-- [ RunTime:0.000865s ]
ERR: 无法加载模块:Public

[ 2017-01-05T15:07:04+08:00 ] 127.0.0.1 /project/tp_boot/Public/Admin/css/style-responsive.css
INFO: [ app_init ] --START--
INFO: Run Behavior\BuildLiteBehavior [ RunTime:0.000036s ]
INFO: [ app_init ] --END-- [ RunTime:0.001265s ]
ERR: 无法加载模块:Public

[ 2017-01-05T15:07:04+08:00 ] 127.0.0.1 /project/tp_boot/Public/Admin/assets/font-awesome/css/font-awesome.css
INFO: [ app_init ] --START--
INFO: Run Behavior\BuildLiteBehavior [ RunTime:0.000034s ]
INFO: [ app_init ] --END-- [ RunTime:0.000946s ]
ERR: 无法加载模块:Public

[ 2017-01-05T15:13:53+08:00 ] 127.0.0.1 /project/tp_boot/Public/Admin/css/images/404_icon.png
INFO: [ app_init ] --START--
INFO: Run Behavior\BuildLiteBehavior [ RunTime:0.000042s ]
INFO: [ app_init ] --END-- [ RunTime:0.001178s ]
ERR: 无法加载模块:Public

[ 2017-01-05T15:13:57+08:00 ] 127.0.0.1 /project/tp_boot/Public/Admin/css/images/404_icon.png
INFO: [ app_init ] --START--
INFO: Run Behavior\BuildLiteBehavior [ RunTime:0.000022s ]
INFO: [ app_init ] --END-- [ RunTime:0.000749s ]
ERR: 无法加载模块:Public

[ 2017-01-05T15:13:58+08:00 ] 127.0.0.1 /project/tp_boot/Public/Admin/css/images/404_icon.png
INFO: [ app_init ] --START--
INFO: Run Behavior\BuildLiteBehavior [ RunTime:0.000061s ]
INFO: [ app_init ] --END-- [ RunTime:0.001554s ]
ERR: 无法加载模块:Public

[ 2017-01-05T22:08:09+08:00 ] 127.0.0.1 /project/tp_boot/Application/Admin/View/Index/__ADMIN__/bower_components/bootstrap/dist/css/bootstrap.min.css
ERR: 无法加载模块:Application

[ 2017-01-05T22:08:09+08:00 ] 127.0.0.1 /project/tp_boot/Application/Admin/View/Index/__ADMIN__/plugin/Font-Awesome/css/font-awesome.min.css
ERR: 无法加载模块:Application

[ 2017-01-05T22:08:09+08:00 ] 127.0.0.1 /project/tp_boot/Application/Admin/View/Index/__ADMIN__/bower_components/jquery/dist/jquery.min.js
ERR: 无法加载模块:Application

[ 2017-01-05T22:08:09+08:00 ] 127.0.0.1 /project/tp_boot/Application/Admin/View/Index/__ADMIN__/bower_components/bootstrap/dist/js/bootstrap.min.js
ERR: 无法加载模块:Application

[ 2017-01-05T22:08:09+08:00 ] 127.0.0.1 /project/tp_boot/Application/Admin/View/Index/__ADMIN__/js/index.js
ERR: 无法加载模块:Application

[ 2017-01-05T22:08:09+08:00 ] 127.0.0.1 /project/tp_boot/Application/Admin/View/Index/__ADMIN__/images/avatar1_small.jpg
ERR: 无法加载模块:Application

[ 2017-01-05T22:08:09+08:00 ] 127.0.0.1 /project/tp_boot/Application/Admin/View/Index/__ADMIN__/bower_components/bootstrap/dist/js/bootstrap.min.js
ERR: 无法加载模块:Application

[ 2017-01-05T22:08:09+08:00 ] 127.0.0.1 /project/tp_boot/Application/Admin/View/Index/__ADMIN__/js/index.js
ERR: 无法加载模块:Application

