[ 2017-01-29T16:56:36+08:00 ] 127.0.0.1 /project/tp_boot/index.php/Admin/Img/imgupload2.html
INFO: [ app_begin ] --START--
INFO: Run Behavior\ReadHtmlCacheBehavior [ RunTime:0.001010s ]
INFO: [ app_begin ] --END-- [ RunTime:0.002639s ]
INFO: [ app_end ] --START--
INFO: Run Behavior\ShowPageTraceBehavior [ RunTime:0.003296s ]
INFO: [ app_end ] --END-- [ RunTime:0.003705s ]

[ 2017-01-29T18:51:16+08:00 ] 127.0.0.1 /project/tp_boot/index.php/Admin/Img/imgupload2.html
INFO: [ app_begin ] --START--
INFO: Run Behavior\ReadHtmlCacheBehavior [ RunTime:0.001029s ]
INFO: [ app_begin ] --END-- [ RunTime:0.001993s ]
INFO: [ app_end ] --START--
INFO: Run Behavior\ShowPageTraceBehavior [ RunTime:0.000999s ]
INFO: [ app_end ] --END-- [ RunTime:0.001097s ]

[ 2017-01-29T19:07:26+08:00 ] 127.0.0.1 /project/tp_boot/index.php/Admin/Img/imgupload2.html
INFO: [ app_begin ] --START--
INFO: Run Behavior\ReadHtmlCacheBehavior [ RunTime:0.002291s ]
INFO: [ app_begin ] --END-- [ RunTime:0.003284s ]
INFO: [ app_end ] --START--
INFO: Run Behavior\ShowPageTraceBehavior [ RunTime:0.000986s ]
INFO: [ app_end ] --END-- [ RunTime:0.001097s ]

[ 2017-01-29T19:07:37+08:00 ] 127.0.0.1 /project/tp_boot/index.php/Admin/carousel/addCar.html
INFO: [ app_begin ] --START--
INFO: Run Behavior\ReadHtmlCacheBehavior [ RunTime:0.000963s ]
INFO: [ app_begin ] --END-- [ RunTime:0.001881s ]
SQL: SHOW COLUMNS FROM `tp_lunbo` [ RunTime:0.0654s ]

[ 2017-01-29T19:07:56+08:00 ] 127.0.0.1 /project/tp_boot/index.php/Admin/carousel/addCar.html
INFO: [ app_begin ] --START--
INFO: Run Behavior\ReadHtmlCacheBehavior [ RunTime:0.001191s ]
INFO: [ app_begin ] --END-- [ RunTime:0.002237s ]
SQL: SHOW COLUMNS FROM `tp_lunbo` [ RunTime:0.0035s ]

[ 2017-01-29T19:08:44+08:00 ] 127.0.0.1 /project/tp_boot/index.php/Admin/carousel/addCar.html
INFO: [ app_begin ] --START--
INFO: Run Behavior\ReadHtmlCacheBehavior [ RunTime:0.000723s ]
INFO: [ app_begin ] --END-- [ RunTime:0.001491s ]
SQL: SHOW COLUMNS FROM `tp_lunbo` [ RunTime:0.0051s ]

[ 2017-01-29T19:08:45+08:00 ] 127.0.0.1 /project/tp_boot/index.php/Admin/carousel/addCar.html
INFO: [ app_begin ] --START--
INFO: Run Behavior\ReadHtmlCacheBehavior [ RunTime:0.000687s ]
INFO: [ app_begin ] --END-- [ RunTime:0.001415s ]
SQL: SHOW COLUMNS FROM `tp_lunbo` [ RunTime:0.0047s ]

[ 2017-01-29T19:09:21+08:00 ] 127.0.0.1 /project/tp_boot/index.php/Admin/carousel/addCar.html
INFO: [ app_begin ] --START--
INFO: Run Behavior\ReadHtmlCacheBehavior [ RunTime:0.001522s ]
INFO: [ app_begin ] --END-- [ RunTime:0.003222s ]
SQL: SHOW COLUMNS FROM `tp_lunbo` [ RunTime:0.0047s ]

[ 2017-01-29T19:09:22+08:00 ] 127.0.0.1 /project/tp_boot/index.php/Admin/carousel/addCar.html
INFO: [ app_begin ] --START--
INFO: Run Behavior\ReadHtmlCacheBehavior [ RunTime:0.001472s ]
INFO: [ app_begin ] --END-- [ RunTime:0.002266s ]
SQL: SHOW COLUMNS FROM `tp_lunbo` [ RunTime:0.0039s ]

[ 2017-01-29T19:09:23+08:00 ] 127.0.0.1 /project/tp_boot/index.php/Admin/carousel/addCar.html
INFO: [ app_begin ] --START--
INFO: Run Behavior\ReadHtmlCacheBehavior [ RunTime:0.001984s ]
INFO: [ app_begin ] --END-- [ RunTime:0.002798s ]
SQL: SHOW COLUMNS FROM `tp_lunbo` [ RunTime:0.0051s ]

[ 2017-01-29T19:10:56+08:00 ] 127.0.0.1 /project/tp_boot/index.php/Admin/carousel/addCar.html
INFO: [ app_begin ] --START--
INFO: Run Behavior\ReadHtmlCacheBehavior [ RunTime:0.000922s ]
INFO: [ app_begin ] --END-- [ RunTime:0.001626s ]
SQL: SHOW COLUMNS FROM `tp_lunbo` [ RunTime:0.0034s ]
INFO: [ app_end ] --START--
INFO: Run Behavior\ShowPageTraceBehavior [ RunTime:0.001184s ]
INFO: [ app_end ] --END-- [ RunTime:0.001329s ]

[ 2017-01-29T19:10:57+08:00 ] 127.0.0.1 /project/tp_boot/index.php/Admin/carousel/addCar.html
INFO: [ app_begin ] --START--
INFO: Run Behavior\ReadHtmlCacheBehavior [ RunTime:0.001084s ]
INFO: [ app_begin ] --END-- [ RunTime:0.003938s ]
SQL: SHOW COLUMNS FROM `tp_lunbo` [ RunTime:0.0038s ]
INFO: [ app_end ] --START--
INFO: Run Behavior\ShowPageTraceBehavior [ RunTime:0.000930s ]
INFO: [ app_end ] --END-- [ RunTime:0.001015s ]

[ 2017-01-29T19:10:59+08:00 ] 127.0.0.1 /project/tp_boot/index.php/Admin/carousel/addCar.html
INFO: [ app_begin ] --START--
INFO: Run Behavior\ReadHtmlCacheBehavior [ RunTime:0.000665s ]
INFO: [ app_begin ] --END-- [ RunTime:0.001684s ]
SQL: SHOW COLUMNS FROM `tp_lunbo` [ RunTime:0.0043s ]
INFO: [ app_end ] --START--
INFO: Run Behavior\ShowPageTraceBehavior [ RunTime:0.000988s ]
INFO: [ app_end ] --END-- [ RunTime:0.001074s ]

[ 2017-01-29T19:12:05+08:00 ] 127.0.0.1 /project/tp_boot/index.php/Admin/carousel/addCar.html
INFO: [ app_begin ] --START--
INFO: Run Behavior\ReadHtmlCacheBehavior [ RunTime:0.000730s ]
INFO: [ app_begin ] --END-- [ RunTime:0.001482s ]
SQL: SHOW COLUMNS FROM `tp_lunbo` [ RunTime:0.0048s ]
INFO: [ app_end ] --START--
INFO: Run Behavior\ShowPageTraceBehavior [ RunTime:0.001039s ]
INFO: [ app_end ] --END-- [ RunTime:0.001124s ]

[ 2017-01-29T19:12:25+08:00 ] 127.0.0.1 /project/tp_boot/index.php/Admin/carousel/addCar.html
INFO: [ app_begin ] --START--
INFO: Run Behavior\ReadHtmlCacheBehavior [ RunTime:0.001290s ]
INFO: [ app_begin ] --END-- [ RunTime:0.002509s ]
SQL: SHOW COLUMNS FROM `tp_lunbo` [ RunTime:0.0056s ]
NOTIC: [8] Undefined variable: info G:\Web dynamic\project\tp_boot\Application\Admin\Controller\CarouselController.class.php 第 39 行.

[ 2017-01-29T19:18:53+08:00 ] 127.0.0.1 /project/tp_boot/index.php/Admin/carousel/addCar.html
INFO: [ app_begin ] --START--
INFO: Run Behavior\ReadHtmlCacheBehavior [ RunTime:0.001089s ]
INFO: [ app_begin ] --END-- [ RunTime:0.001985s ]
SQL: SHOW COLUMNS FROM `tp_lunbo` [ RunTime:0.0047s ]
NOTIC: [8] Undefined variable: info G:\Web dynamic\project\tp_boot\Application\Admin\Controller\CarouselController.class.php 第 41 行.

[ 2017-01-29T19:26:10+08:00 ] 127.0.0.1 /project/tp_boot/index.php/Admin/carousel/addCar.html
INFO: [ app_begin ] --START--
INFO: Run Behavior\ReadHtmlCacheBehavior [ RunTime:0.001571s ]
INFO: [ app_begin ] --END-- [ RunTime:0.002443s ]
SQL: SHOW COLUMNS FROM `tp_lunbo` [ RunTime:0.0033s ]
INFO: [ app_end ] --START--
INFO: Run Behavior\ShowPageTraceBehavior [ RunTime:0.001666s ]
INFO: [ app_end ] --END-- [ RunTime:0.001756s ]

[ 2017-01-29T19:26:49+08:00 ] 127.0.0.1 /project/tp_boot/index.php/Admin/carousel/addCar.html
INFO: [ app_begin ] --START--
INFO: Run Behavior\ReadHtmlCacheBehavior [ RunTime:0.001095s ]
INFO: [ app_begin ] --END-- [ RunTime:0.001888s ]
SQL: SHOW COLUMNS FROM `tp_lunbo` [ RunTime:0.0048s ]
NOTIC: [8] Undefined variable: info G:\Web dynamic\project\tp_boot\Application\Admin\Controller\CarouselController.class.php 第 41 行.

[ 2017-01-29T19:40:32+08:00 ] 127.0.0.1 /project/tp_boot/index.php/Admin/carousel/addCar.html
INFO: [ app_begin ] --START--
INFO: Run Behavior\ReadHtmlCacheBehavior [ RunTime:0.001631s ]
INFO: [ app_begin ] --END-- [ RunTime:0.002629s ]
SQL: SHOW COLUMNS FROM `tp_lunbo` [ RunTime:0.0046s ]
INFO: [ app_end ] --START--
INFO: Run Behavior\ShowPageTraceBehavior [ RunTime:0.002150s ]
INFO: [ app_end ] --END-- [ RunTime:0.002304s ]

[ 2017-01-29T19:40:41+08:00 ] 127.0.0.1 /project/tp_boot/index.php/Admin/carousel/addCar.html
INFO: [ app_begin ] --START--
INFO: Run Behavior\ReadHtmlCacheBehavior [ RunTime:0.002367s ]
INFO: [ app_begin ] --END-- [ RunTime:0.003417s ]
SQL: SHOW COLUMNS FROM `tp_lunbo` [ RunTime:0.0057s ]
INFO: [ app_end ] --START--
INFO: Run Behavior\ShowPageTraceBehavior [ RunTime:0.001245s ]
INFO: [ app_end ] --END-- [ RunTime:0.001354s ]

[ 2017-01-29T19:41:53+08:00 ] 127.0.0.1 /project/tp_boot/index.php/Admin/carousel/addCar.html
INFO: [ app_begin ] --START--
INFO: Run Behavior\ReadHtmlCacheBehavior [ RunTime:0.001341s ]
INFO: [ app_begin ] --END-- [ RunTime:0.002062s ]
SQL: SHOW COLUMNS FROM `tp_lunbo` [ RunTime:0.0044s ]
INFO: [ app_end ] --START--
INFO: Run Behavior\ShowPageTraceBehavior [ RunTime:0.002278s ]
INFO: [ app_end ] --END-- [ RunTime:0.002398s ]

[ 2017-01-29T19:43:30+08:00 ] 127.0.0.1 /project/tp_boot/index.php/Admin/carousel/addCar.html
INFO: [ app_begin ] --START--
INFO: Run Behavior\ReadHtmlCacheBehavior [ RunTime:0.000964s ]
INFO: [ app_begin ] --END-- [ RunTime:0.001686s ]
SQL: SHOW COLUMNS FROM `tp_lunbo` [ RunTime:0.0036s ]
INFO: [ app_end ] --START--
INFO: Run Behavior\ShowPageTraceBehavior [ RunTime:0.001264s ]
INFO: [ app_end ] --END-- [ RunTime:0.001354s ]

[ 2017-01-29T19:43:32+08:00 ] 127.0.0.1 /project/tp_boot/index.php/Admin/carousel/addCar.html
INFO: [ app_begin ] --START--
INFO: Run Behavior\ReadHtmlCacheBehavior [ RunTime:0.000729s ]
INFO: [ app_begin ] --END-- [ RunTime:0.001509s ]
SQL: SHOW COLUMNS FROM `tp_lunbo` [ RunTime:0.0046s ]
INFO: [ app_end ] --START--
INFO: Run Behavior\ShowPageTraceBehavior [ RunTime:0.002037s ]
INFO: [ app_end ] --END-- [ RunTime:0.002234s ]

[ 2017-01-29T19:59:38+08:00 ] 127.0.0.1 /project/tp_boot/index.php/Admin/carousel/addCar.html
INFO: [ app_begin ] --START--
INFO: Run Behavior\ReadHtmlCacheBehavior [ RunTime:0.001453s ]
INFO: [ app_begin ] --END-- [ RunTime:0.002336s ]
SQL: SHOW COLUMNS FROM `tp_lunbo` [ RunTime:0.0049s ]
INFO: [ app_end ] --START--
INFO: Run Behavior\ShowPageTraceBehavior [ RunTime:0.001502s ]
INFO: [ app_end ] --END-- [ RunTime:0.001673s ]

[ 2017-01-29T20:02:06+08:00 ] 127.0.0.1 /project/tp_boot/index.php/Admin/carousel/addCar.html
INFO: [ app_begin ] --START--
INFO: Run Behavior\ReadHtmlCacheBehavior [ RunTime:0.001076s ]
INFO: [ app_begin ] --END-- [ RunTime:0.001831s ]
SQL: SHOW COLUMNS FROM `tp_lunbo` [ RunTime:0.0032s ]
INFO: [ app_end ] --START--
INFO: Run Behavior\ShowPageTraceBehavior [ RunTime:0.001023s ]
INFO: [ app_end ] --END-- [ RunTime:0.001109s ]

[ 2017-01-29T20:08:09+08:00 ] 127.0.0.1 /project/tp_boot/index.php/Admin/carousel/addCar.html
INFO: [ app_begin ] --START--
INFO: Run Behavior\ReadHtmlCacheBehavior [ RunTime:0.001048s ]
INFO: [ app_begin ] --END-- [ RunTime:0.001785s ]
SQL: SHOW COLUMNS FROM `tp_lunbo` [ RunTime:0.0041s ]
INFO: [ app_end ] --START--
INFO: Run Behavior\ShowPageTraceBehavior [ RunTime:0.001200s ]
INFO: [ app_end ] --END-- [ RunTime:0.001298s ]

[ 2017-01-29T20:15:01+08:00 ] 127.0.0.1 /project/tp_boot/index.php/Admin/carousel/addCar.html
INFO: [ app_begin ] --START--
INFO: Run Behavior\ReadHtmlCacheBehavior [ RunTime:0.001789s ]
INFO: [ app_begin ] --END-- [ RunTime:0.002677s ]
SQL: SHOW COLUMNS FROM `tp_lunbo` [ RunTime:0.0035s ]
INFO: [ app_end ] --START--
INFO: Run Behavior\ShowPageTraceBehavior [ RunTime:0.001416s ]
INFO: [ app_end ] --END-- [ RunTime:0.001511s ]

[ 2017-01-29T21:42:57+08:00 ] 127.0.0.1 /project/tp_boot/index.php/Admin/carousel/carEdit.html
ERR: 模板不存在:./Application/Admin/View/Carousel/carEdit.html

[ 2017-01-29T22:07:56+08:00 ] 127.0.0.1 /project/tp_boot/index.php/Admin/Carousel/artiEdit/id/3
ERR: 非法操作:artiEdit

